[2023-12-11 09:28:11] [General - Main] [INFO] Native libraries loaded.
[2023-12-11 09:28:12] [Camera - LibCameraJNILoader] [INFO] Successfully loaded shared object libphotonlibcamera.so
[2023-12-11 09:28:12] [General - Main] [ERROR] Platform does not support RKNN based machine learning!
[2023-12-11 09:28:12] [Camera - MrCalJNILoader] [INFO] Successfully loaded shared object libmrcal_jni.so
[2023-12-11 09:28:12] [General - Main] [INFO] Logging initialized in debug mode.
[2023-12-11 09:28:12] [General - ShellExec] [DEBUG] Executing "cat /proc/device-tree/model"
[2023-12-11 09:28:12] [General - ShellExec] [DEBUG] Got exit code 0
[2023-12-11 09:28:12] [General - Main] [INFO] Starting PhotonVision version v2024.2.2 on Linux Raspbian 64-bit (Pi PI_4)
[2023-12-11 09:28:12] [General - Main] [DEBUG] Loading ConfigManager...
[2023-12-11 09:28:12] [Config - SqlConfigProvider] [DEBUG] Using database /opt/photonvision/photonvision_config/photon.sqlite
[2023-12-11 09:28:12] [Config - SqlConfigProvider] [INFO] Using correct database version: 2
[2023-12-11 09:28:12] [Config - SqlConfigProvider] [DEBUG] Loading config...
[2023-12-11 09:28:13] [Config - SqlConfigProvider] [ERROR] Could not deserialize apriltag layout! Loading defaults
[2023-12-11 09:28:13] [Camera - CameraConfiguration] [DEBUG] Creating camera configuration for ZeroCopyPicam Camera Module v1 (AKA camera) at /base/soc/i2c0mux/i2c@1/ov5647@36
[2023-12-11 09:28:14] [Camera - CameraConfiguration] [DEBUG] Creating camera configuration for ZeroCopyPicam OV9281 (AKA OV9281) at /base/soc/i2c0mux/i2c@1/ov9281@60
[2023-12-11 09:28:14] [General - Main] [DEBUG] Loading HardwareManager...
[2023-12-11 09:28:14] [General - NetworkTablesManager] [INFO] Starting NT Client, server team is 8874
[2023-12-11 09:28:14] [General - NetworkTablesManager] [ERROR] [NetworkTablesManager] Could not connect to the robot! Will retry in the background...
[2023-12-11 09:28:14] [General - Main] [DEBUG] Loading NetworkManager...
[2023-12-11 09:28:14] [General - NetworkManager] [INFO] Setting STATIC with team 8874
[2023-12-11 09:28:14] [General - ShellExec] [DEBUG] Executing "cat /etc/hostname | tr -d " \t\n\r""
[2023-12-11 09:28:14] [General - ShellExec] [DEBUG] Got exit code 0
[2023-12-11 09:28:14] [General - ShellExec] [DEBUG] Executing "echo photonvision > /etc/hostname"
[2023-12-11 09:28:14] [General - ShellExec] [DEBUG] Got exit code 0
[2023-12-11 09:28:14] [General - ShellExec] [DEBUG] Executing "hostnamectl set-hostname photonvision"
[2023-12-11 09:28:14] [General - ShellExec] [DEBUG] Got exit code 0
[2023-12-11 09:28:14] [General - ShellExec] [DEBUG] Executing "sed -i "s/127.0.1.1.*photonvision/127.0.1.1\tphotonvision/g" /etc/hosts"
[2023-12-11 09:28:14] [General - ShellExec] [DEBUG] Got exit code 0
[2023-12-11 09:28:14] [General - ShellExec] [DEBUG] Executing "sudo service avahi-daemon restart"
[2023-12-11 09:28:14] [General - ShellExec] [DEBUG] Got exit code 0
[2023-12-11 09:28:14] [General - NetworkManager] [INFO] Set hostname to photonvision
[2023-12-11 09:28:14] [General - ShellExec] [DEBUG] Executing "nmcli con mod "Wired connection 1" ipv4.addresses 10.88.74.225/8 ipv4.method "manual" ipv6.method "disabled""
[2023-12-11 09:28:14] [General - ShellExec] [DEBUG] Got exit code 0
[2023-12-11 09:28:14] [General - ShellExec] [DEBUG] Executing "sh -c 'nmcli con down "Wired connection 1"; nmcli con up "Wired connection 1"'"
[2023-12-11 09:28:14] [General - ShellExec] [DEBUG] Got exit code 0
[2023-12-11 09:28:14] [General - Main] [DEBUG] Loading NetworkTablesManager...
[2023-12-11 09:28:14] [General - Main] [INFO] Loading ML models
[2023-12-11 09:28:14] [Config - NeuralNetworkModelManager] [INFO] File /opt/photonvision/photonvision_config/models/note-640-640-yolov5s.rknn already exists. Skipping extraction.
[2023-12-11 09:28:14] [Config - NeuralNetworkModelManager] [INFO] File /opt/photonvision/photonvision_config/models/labels.txt already exists. Skipping extraction.
[2023-12-11 09:28:14] [General - Main] [DEBUG] Loading VisionSourceManager...
[2023-12-11 09:28:14] [General - Main] [INFO] Starting server...
[2023-12-11 09:28:14] [WebServer - DataChangeService] [DEBUG] Added subscriber - Sources: DCS_WEBSOCKET, DCS_HTTP, DCS_NETWORKTABLES, DCS_VISIONMODULE, DCS_OTHER, Destinations: DCD_WEBSERVER
[2023-12-11 09:28:15] [Camera - VisionSourceManager] [DEBUG] Matching 1 new cameras!
[2023-12-11 09:28:15] [Camera - VisionSourceManager] [INFO] Adding local video device - "Camera Module v1" at "/base/soc/i2c0mux/i2c@1/ov5647@36"
[2023-12-11 09:28:15] [Camera - VisionSourceManager] [DEBUG] Trying to match 2 unmatched configs...
[2023-12-11 09:28:15] [Camera - VisionSourceManager] [DEBUG] Trying to find a match for loaded camera Camera Module v1 with path /base/soc/i2c0mux/i2c@1/ov5647@36
[2023-12-11 09:28:15] [Camera - VisionSourceManager] [DEBUG] Matched the config for Camera Module v1 to a physical camera!
[2023-12-11 09:28:15] [Camera - VisionSourceManager] [DEBUG] Trying to find a match for loaded camera OV9281 with path /base/soc/i2c0mux/i2c@1/ov9281@60
[2023-12-11 09:28:15] [Camera - VisionSourceManager] [DEBUG] Trying to find a match for loaded camera with name OV9281
[2023-12-11 09:28:15] [Camera - VisionSourceManager] [DEBUG] Matched or created 1 camera configs!
[2023-12-11 09:28:15] [Camera - VisionSourceManager] [WARN] After matching, 1 configs remained unmatched. Is your camera disconnected?
[2023-12-11 09:28:15] [Camera - VisionSourceManager] [WARN] Unloaded configs: OV9281
[2023-12-11 09:28:15] [Camera - VisionSourceManager] [DEBUG] Creating VisionSource for CameraConfiguration [baseName=Camera Module v1, uniqueName=Camera_Module_v1, nickname=camera, path=/base/soc/i2c0mux/i2c@1/ov5647@36, otherPaths=[], cameraType=ZeroCopyPicam, cameraQuirks=null, FOV=70.0, calibrations=[CameraCalibrationCoefficients [resolution=960x720, cameraIntrinsics=JsonMat [rows=3, cols=3, type=6, data=[671.4620426951877, 0.0, 483.30026081687845, 0.0, 673.6599194333991, 387.2027388800678, 0.0, 0.0, 1.0], wrappedMat=Mat [ 3*3*CV_64FC1, isCont=true, isSubmat=false, nativeObj=0x7f8c77ede0, dataAddr=0x7f8c77ec80 ], wpilibMat=null, wrappedMatOfDouble=null], distCoeffs=JsonMat [rows=1, cols=8, type=6, data=[0.14570994045200766, -0.4640734273248106, 0.0019240495564505384, 0.0021021783761231336, 0.43806542202709764, 0.007131765463626937, 0.04883699465367483, 0.0018825170950227577], wrappedMat=Mat [ 1*8*CV_64FC1, isCont=true, isSubmat=false, nativeObj=0x7f8c77eff0, dataAddr=0x7f8c77ed80 ], wpilibMat=null, wrappedMatOfDouble=Mat [ 1*8*CV_64FC1, isCont=true, isSubmat=false, nativeObj=0x7f8c77ef80, dataAddr=0x7f8c77f100 ]], observations=[org.photonvision.vision.calibration.BoardObservation@a599e8b, org.photonvision.vision.calibration.BoardObservation@3fa0aca5, org.photonvision.vision.calibration.BoardObservation@1062441c, org.photonvision.vision.calibration.BoardObservation@2316c504, org.photonvision.vision.calibration.BoardObservation@657dba2b, org.photonvision.vision.calibration.BoardObservation@5f82f7a5, org.photonvision.vision.calibration.BoardObservation@5dc21aed, org.photonvision.vision.calibration.BoardObservation@48e9cab4, org.photonvision.vision.calibration.BoardObservation@40cd8d60, org.photonvision.vision.calibration.BoardObservation@8ba7503, org.photonvision.vision.calibration.BoardObservation@45e2038b, org.photonvision.vision.calibration.BoardObservation@4358cde9], calobjectWarp=[0.001425597820115456, 9.022962613224874E-4], intrinsicsArr=[671.4620426951877, 0.0, 483.30026081687845, 0.0, 673.6599194333991, 387.2027388800678, 0.0, 0.0, 1.0], distCoeffsArr=[0.14570994045200766, -0.4640734273248106, 0.0019240495564505384, 0.0021021783761231336, 0.43806542202709764]]], currentPipelineIndex=0, streamIndex=0, pipelineSettings=[CVPipelineSettings{pipelineIndex=0, pipelineType=AprilTag, inputImageRotationMode=DEG_0, pipelineNickname='New Pipeline', cameraExposure=20.0, cameraBrightness=50, cameraGain=75, cameraRedGain=11, cameraBlueGain=20, cameraVideoModeIndex=2, streamingFrameDivisor=QUARTER, ledMode=false, inputShouldShow=true, outputShouldShow=true}], driveModeSettings=CVPipelineSettings{pipelineIndex=-1, pipelineType=DriverMode, inputImageRotationMode=DEG_0, pipelineNickname='Driver Mode', cameraExposure=20.0, cameraBrightness=50, cameraGain=75, cameraRedGain=11, cameraBlueGain=20, cameraVideoModeIndex=0, streamingFrameDivisor=NONE, ledMode=false, inputShouldShow=true, outputShouldShow=true}]
[2023-12-11 09:28:15] [VisionModule - VisionSourceSettables] [INFO] Setting video mode to FPS: 90 Width: 320 Height: 240 Pixel Format: kUnknown
[2023-12-11 09:28:15] [VisionModule - VisionSourceSettables] [DEBUG] Creating libcamera
[2023-12-11 09:28:15] [Config - ConfigManager] [DEBUG] Saving to disk...
[2023-12-11 09:28:15] [Config - SqlConfigProvider] [DEBUG] Saving to disk
[2023-12-11 09:28:16] [WebServer - DataChangeService] [DEBUG] Added subscriber - Sources: DCS_WEBSOCKET, DCS_HTTP, DCS_NETWORKTABLES, DCS_VISIONMODULE, DCS_OTHER, Destinations: DCD_UI
[2023-12-11 09:28:16] [WebServer - DataChangeService] [DEBUG] Added subscriber - Sources: DCS_WEBSOCKET, Destinations: DCD_GENSETTINGS
[2023-12-11 09:28:17] [VisionModule - VisionSourceSettables] [DEBUG] Starting libcamera
[2023-12-11 09:28:18] [Config - SqlConfigProvider] [INFO] Settings saved!
[2023-12-11 09:28:18] [Camera - VisionSourceManager] [DEBUG] Matched config for camera "AcceleratedPicamFrameProvider" and loaded 1 pipelines
[2023-12-11 09:28:18] [Camera - VisionSourceManager] [INFO] Adding 1 configs to VMM.
[2023-12-11 09:28:18] [WebServer - DataChangeService] [DEBUG] Added subscriber - Sources: DCS_WEBSOCKET, DCS_HTTP, DCS_NETWORKTABLES, DCS_VISIONMODULE, DCS_OTHER, Destinations: DCD_ACTIVEMODULE, DCD_ACTIVEPIPELINESETTINGS, DCD_GENSETTINGS, DCD_UI, DCD_WEBSERVER, DCD_OTHER
[2023-12-11 09:28:18] [VisionModule - VisionModule - camera] [INFO] Setting pipeline to 0
[2023-12-11 09:28:18] [VisionModule - VisionModule - camera] [INFO] Pipeline name: New Pipeline
[2023-12-11 09:28:18] [VisionModule - PipelineManager] [DEBUG] Creating AprilTag pipeline
[2023-12-11 09:28:18] [General - ShellExec] [DEBUG] Executing "nmcli -t -f GENERAL.CONNECTION,GENERAL.DEVICE,GENERAL.TYPE device show"
[2023-12-11 09:28:18] [General - ShellExec] [DEBUG] Got exit code 0
[2023-12-11 09:28:18] [General - NetworkUtils] [DEBUG] Found network interfaces:
[NMDeviceInfo [connName=lo, devName=lo, nmType=NMTYPE_UNKNOWN], NMDeviceInfo [connName=Wired connection 1, devName=eth0, nmType=NMTYPE_ETHERNET]]
[2023-12-11 09:28:19] [VisionModule - VisionSourceSettables] [INFO] Setting video mode to FPS: 45 Width: 960 Height: 720 Pixel Format: kUnknown
[2023-12-11 09:28:19] [VisionModule - VisionSourceSettables] [DEBUG] Stopping libcamera
[2023-12-11 09:28:19] [VisionModule - VisionSourceSettables] [DEBUG] Destroying libcamera
[2023-12-11 09:28:19] [VisionModule - VisionSourceSettables] [DEBUG] Creating libcamera
[2023-12-11 09:28:19] [VisionModule - VisionSourceSettables] [DEBUG] Starting libcamera
[2023-12-11 09:28:21] [Config - ConfigManager] [DEBUG] Saving to disk...
[2023-12-11 09:28:21] [Config - SqlConfigProvider] [DEBUG] Saving to disk
[2023-12-11 09:28:22] [Config - SqlConfigProvider] [INFO] Settings saved!
[2023-12-11 09:28:51] [WebServer - Server] [DEBUG] Handled HTTP request of type GET from endpoint /index.html for host 10.17.45.185 in 47.95752 ms
[2023-12-11 09:28:51] [WebServer - Server] [DEBUG] Handled HTTP request of type GET from endpoint / for host 10.17.45.185 in 217.95622 ms
[2023-12-11 09:28:52] [WebServer - Server] [DEBUG] Handled HTTP request of type GET from endpoint /assets/index-429cba20.css for host 10.17.45.185 in 25.153667 ms
[2023-12-11 09:28:52] [WebServer - Server] [DEBUG] Handled HTTP request of type GET from endpoint /assets/index-da0137d0.js for host 10.17.45.185 in 64.85594 ms
[2023-12-11 09:28:52] [WebServer - Server] [DEBUG] Handled HTTP request of type GET from endpoint /assets/loading-0f0dc28b.svg for host 10.17.45.185 in 3.999426 ms
[2023-12-11 09:28:52] [WebServer - Server] [DEBUG] Handled HTTP request of type GET from endpoint /assets/logoLarge-7c0b93cf.svg for host 10.17.45.185 in 4.105315 ms
[2023-12-11 09:28:52] [WebServer - Server] [DEBUG] Handled HTTP request of type GET from endpoint /assets/prompt-latin-400-normal-b7be1a25.woff2 for host 10.17.45.185 in 6.921759 ms
[2023-12-11 09:28:52] [WebServer - Server] [DEBUG] Handled HTTP request of type GET from endpoint /assets/materialdesignicons-webfont-662fefa8.woff2 for host 10.17.45.185 in 14.916389 ms
[2023-12-11 09:28:52] [WebServer - Server] [DEBUG] Handled HTTP request of type GET from endpoint /favicon.ico for host 10.17.45.185 in 5.192426 ms
[2023-12-11 09:28:53] [WebServer - DataSocketHandler] [INFO] New websocket connection from /10.17.45.185:49287
[2023-12-11 09:28:53] [General - ShellExec] [DEBUG] Executing "nmcli -t -f GENERAL.CONNECTION,GENERAL.DEVICE,GENERAL.TYPE device show"
[2023-12-11 09:28:53] [General - ShellExec] [DEBUG] Got exit code 0
[2023-12-11 09:28:53] [General - NetworkUtils] [DEBUG] Found network interfaces:
[NMDeviceInfo [connName=lo, devName=lo, nmType=NMTYPE_UNKNOWN], NMDeviceInfo [connName=Wired connection 1, devName=eth0, nmType=NMTYPE_ETHERNET]]
[2023-12-11 09:29:09] [General - MetricsManager] [DEBUG] Publishing Metrics...
[2023-12-11 09:29:09] [General - ShellExec] [DEBUG] Executing "sed 's/.\{3\}$/.&/' /sys/class/thermal/thermal_zone0/temp"
[2023-12-11 09:29:09] [General - ShellExec] [DEBUG] Got exit code 0
[2023-12-11 09:29:09] [General - ShellExec] [DEBUG] Executing "top -bn1 | grep "Cpu(s)" | sed "s/.*, *\([0-9.]*\)%* id.*/\1/" | awk '{print 100 - $1}'"
[2023-12-11 09:29:10] [General - ShellExec] [DEBUG] Got exit code 0
[2023-12-11 09:29:10] [General - ShellExec] [DEBUG] Executing "free -m | awk 'FNR == 2 {print $2}'"
[2023-12-11 09:29:10] [General - ShellExec] [DEBUG] Got exit code 0
[2023-12-11 09:29:10] [General - ShellExec] [DEBUG] Executing "if   ((  $(( $(vcgencmd get_throttled | grep -Eo 0x[0-9a-fA-F]*) & 0x01 )) != 0x00 )); then echo "LOW VOLTAGE";  elif ((  $(( $(vcgencmd get_throttled | grep -Eo 0x[0-9a-fA-F]*) & 0x08 )) != 0x00 )); then echo "HIGH TEMP";  elif ((  $(( $(vcgencmd get_throttled | grep -Eo 0x[0-9a-fA-F]*) & 0x10000 )) != 0x00 )); then echo "Prev. Low Voltage";  elif ((  $(( $(vcgencmd get_throttled | grep -Eo 0x[0-9a-fA-F]*) & 0x80000 )) != 0x00 )); then echo "Prev. High Temp";  else echo "None"; fi"
[2023-12-11 09:29:10] [General - ShellExec] [DEBUG] Got exit code 0
[2023-12-11 09:29:10] [General - ShellExec] [DEBUG] Executing "uptime -p | cut -c 4-"
[2023-12-11 09:29:10] [General - ShellExec] [DEBUG] Got exit code 0
[2023-12-11 09:29:10] [General - ShellExec] [DEBUG] Executing "vcgencmd get_mem gpu | grep -Eo '[0-9]+'"
[2023-12-11 09:29:10] [General - ShellExec] [DEBUG] Got exit code 0
[2023-12-11 09:29:10] [General - ShellExec] [DEBUG] Executing "free -m | awk 'FNR == 2 {print $3}'"
[2023-12-11 09:29:10] [General - ShellExec] [DEBUG] Got exit code 0
[2023-12-11 09:29:10] [General - ShellExec] [DEBUG] Executing "vcgencmd get_mem malloc | grep -Eo '[0-9]+'"
[2023-12-11 09:29:10] [General - ShellExec] [DEBUG] Got exit code 0
[2023-12-11 09:29:10] [General - ShellExec] [DEBUG] Executing "df ./ --output=pcent | tail -n +2"
[2023-12-11 09:29:10] [General - ShellExec] [DEBUG] Got exit code 0
[2023-12-11 09:29:10] [WebServer - Server] [DEBUG] Handled HTTP request of type POST from endpoint /api/utils/publishMetrics for host 10.17.45.185 in 841.0577 ms
[2023-12-11 09:29:15] [WebServer - RequestHandler] [INFO] Exporting Settings to ZIP Archive
[2023-12-11 09:29:19] [WebServer - RequestHandler] [INFO] Uploading settings with size 11173202
[2023-12-11 09:30:04] [WebServer - RequestHandler] [INFO] Exporting Settings to ZIP Archive
