[2023-12-11 06:07:55] [General - Main] [INFO] Native libraries loaded.
[2023-12-11 06:07:56] [Camera - LibCameraJNILoader] [INFO] Successfully loaded shared object libphotonlibcamera.so
[2023-12-11 06:07:56] [General - Main] [ERROR] Platform does not support RKNN based machine learning!
[2023-12-11 06:07:56] [Camera - MrCalJNILoader] [INFO] Successfully loaded shared object libmrcal_jni.so
[2023-12-11 06:07:56] [General - Main] [INFO] Logging initialized in debug mode.
[2023-12-11 06:07:56] [General - ShellExec] [DEBUG] Executing "cat /proc/device-tree/model"
[2023-12-11 06:07:56] [General - ShellExec] [DEBUG] Got exit code 0
[2023-12-11 06:07:56] [General - Main] [INFO] Starting PhotonVision version v2024.2.2 on Linux Raspbian 64-bit (Pi PI_3)
[2023-12-11 06:07:56] [General - Main] [DEBUG] Loading ConfigManager...
[2023-12-11 06:07:56] [Config - SqlConfigProvider] [DEBUG] Using database /opt/photonvision/photonvision_config/photon.sqlite
[2023-12-11 06:07:57] [Config - SqlConfigProvider] [INFO] Using correct database version: 2
[2023-12-11 06:07:57] [Config - SqlConfigProvider] [DEBUG] Loading config...
[2023-12-11 06:07:57] [Config - SqlConfigProvider] [ERROR] Could not deserialize apriltag layout! Loading defaults
[2023-12-11 06:07:58] [Camera - CameraConfiguration] [DEBUG] Creating camera configuration for ZeroCopyPicam OV9281 (AKA OV9281) at /base/soc/i2c0mux/i2c@1/ov9281@60
[2023-12-11 06:07:58] [General - Main] [DEBUG] Loading HardwareManager...
[2023-12-11 06:07:58] [General - NetworkTablesManager] [INFO] Starting NT Client, server team is 0
[2023-12-11 06:07:58] [General - NetworkTablesManager] [ERROR] [NetworkTablesManager] Could not connect to the robot! Will retry in the background...
[2023-12-11 06:07:59] [General - Main] [DEBUG] Loading NetworkManager...
[2023-12-11 06:07:59] [General - NetworkManager] [INFO] Setting DHCP with team 0
[2023-12-11 06:07:59] [General - ShellExec] [DEBUG] Executing "cat /etc/hostname | tr -d " \t\n\r""
[2023-12-11 06:07:59] [General - ShellExec] [DEBUG] Got exit code 0
[2023-12-11 06:07:59] [General - ShellExec] [DEBUG] Executing "echo photonvision > /etc/hostname"
[2023-12-11 06:07:59] [General - ShellExec] [DEBUG] Got exit code 0
[2023-12-11 06:07:59] [General - ShellExec] [DEBUG] Executing "hostnamectl set-hostname photonvision"
[2023-12-11 06:07:59] [General - ShellExec] [DEBUG] Got exit code 0
[2023-12-11 06:07:59] [General - ShellExec] [DEBUG] Executing "sed -i "s/127.0.1.1.*photonvision/127.0.1.1\tphotonvision/g" /etc/hosts"
[2023-12-11 06:07:59] [General - ShellExec] [DEBUG] Got exit code 0
[2023-12-11 06:07:59] [General - ShellExec] [DEBUG] Executing "sudo service avahi-daemon restart"
[2023-12-11 06:07:59] [General - ShellExec] [DEBUG] Got exit code 0
[2023-12-11 06:07:59] [General - NetworkManager] [INFO] Set hostname to photonvision
[2023-12-11 06:07:59] [General - ShellExec] [DEBUG] Executing "nmcli con mod "Wired connection 1" ipv4.method "auto" ipv6.method "disabled""
[2023-12-11 06:07:59] [General - ShellExec] [DEBUG] Got exit code 0
[2023-12-11 06:07:59] [General - ShellExec] [DEBUG] Executing "nmcli -t -f GENERAL.CONNECTION,GENERAL.DEVICE,GENERAL.TYPE device show"
[2023-12-11 06:07:59] [General - ShellExec] [DEBUG] Got exit code 0
[2023-12-11 06:07:59] [General - NetworkUtils] [DEBUG] Found network interfaces:
[NMDeviceInfo [connName=Wired connection 1, devName=eth0, nmType=NMTYPE_ETHERNET], NMDeviceInfo [connName=lo, devName=lo, nmType=NMTYPE_UNKNOWN]]
[2023-12-11 06:07:59] [General - ShellExec] [DEBUG] Executing "dhclient eth0"
[2023-12-11 06:07:59] [General - ShellExec] [DEBUG] Got exit code 0
[2023-12-11 06:07:59] [General - Main] [DEBUG] Loading NetworkTablesManager...
[2023-12-11 06:07:59] [General - Main] [INFO] Loading ML models
[2023-12-11 06:07:59] [Config - NeuralNetworkModelManager] [INFO] File /opt/photonvision/photonvision_config/models/note-640-640-yolov5s.rknn already exists. Skipping extraction.
[2023-12-11 06:07:59] [Config - NeuralNetworkModelManager] [INFO] File /opt/photonvision/photonvision_config/models/labels.txt already exists. Skipping extraction.
[2023-12-11 06:07:59] [General - Main] [DEBUG] Loading VisionSourceManager...
[2023-12-11 06:07:59] [General - Main] [INFO] Starting server...
[2023-12-11 06:07:59] [WebServer - DataChangeService] [DEBUG] Added subscriber - Sources: DCS_WEBSOCKET, DCS_HTTP, DCS_NETWORKTABLES, DCS_VISIONMODULE, DCS_OTHER, Destinations: DCD_WEBSERVER
[2023-12-11 06:08:00] [Camera - VisionSourceManager] [DEBUG] Matching 1 new cameras!
[2023-12-11 06:08:00] [Camera - VisionSourceManager] [INFO] Adding local video device - "Camera Module v1" at "/base/soc/i2c0mux/i2c@1/ov5647@36"
[2023-12-11 06:08:00] [Camera - VisionSourceManager] [DEBUG] Trying to match 1 unmatched configs...
[2023-12-11 06:08:00] [Camera - VisionSourceManager] [DEBUG] Trying to find a match for loaded camera OV9281 with path /base/soc/i2c0mux/i2c@1/ov9281@60
[2023-12-11 06:08:00] [Camera - VisionSourceManager] [DEBUG] Trying to find a match for loaded camera with name OV9281
[2023-12-11 06:08:00] [Camera - VisionSourceManager] [DEBUG] After matching loaded configs 1 cameras were unmatched.
[2023-12-11 06:08:00] [Camera - VisionSourceManager] [INFO] Creating a new camera config for camera Camera_Module_v1
[2023-12-11 06:08:00] [Camera - CameraConfiguration] [DEBUG] Creating USB camera configuration for UsbCamera Camera Module v1 (AKA Camera_Module_v1) at /base/soc/i2c0mux/i2c@1/ov5647@36
[2023-12-11 06:08:00] [Camera - VisionSourceManager] [DEBUG] Matched or created 1 camera configs!
[2023-12-11 06:08:00] [Camera - VisionSourceManager] [WARN] After matching, 1 configs remained unmatched. Is your camera disconnected?
[2023-12-11 06:08:00] [Camera - VisionSourceManager] [WARN] Unloaded configs: OV9281
[2023-12-11 06:08:00] [Config - ConfigManager] [DEBUG] Saving to disk...
[2023-12-11 06:08:00] [Config - SqlConfigProvider] [DEBUG] Saving to disk
[2023-12-11 06:08:00] [Camera - VisionSourceManager] [DEBUG] Creating VisionSource for CameraConfiguration [baseName=Camera Module v1, uniqueName=Camera_Module_v1, nickname=Camera_Module_v1, path=/base/soc/i2c0mux/i2c@1/ov5647@36, otherPaths=[], cameraType=ZeroCopyPicam, cameraQuirks=null, FOV=70.0, calibrations=[], currentPipelineIndex=0, streamIndex=0, pipelineSettings=[], driveModeSettings=CVPipelineSettings{pipelineIndex=-1, pipelineType=DriverMode, inputImageRotationMode=DEG_0, pipelineNickname='Driver Mode', cameraExposure=20.0, cameraBrightness=50, cameraGain=75, cameraRedGain=11, cameraBlueGain=20, cameraVideoModeIndex=0, streamingFrameDivisor=NONE, ledMode=false, inputShouldShow=true, outputShouldShow=true}]
[2023-12-11 06:08:00] [VisionModule - VisionSourceSettables] [INFO] Setting video mode to FPS: 90 Width: 320 Height: 240 Pixel Format: kUnknown
[2023-12-11 06:08:00] [VisionModule - VisionSourceSettables] [DEBUG] Creating libcamera
[2023-12-11 06:08:02] [WebServer - DataChangeService] [DEBUG] Added subscriber - Sources: DCS_WEBSOCKET, DCS_HTTP, DCS_NETWORKTABLES, DCS_VISIONMODULE, DCS_OTHER, Destinations: DCD_UI
[2023-12-11 06:08:02] [WebServer - DataChangeService] [DEBUG] Added subscriber - Sources: DCS_WEBSOCKET, Destinations: DCD_GENSETTINGS
[2023-12-11 06:08:03] [Config - SqlConfigProvider] [INFO] Settings saved!
[2023-12-11 06:08:04] [VisionModule - VisionSourceSettables] [DEBUG] Starting libcamera
[2023-12-11 06:08:04] [Camera - VisionSourceManager] [DEBUG] Matched config for camera "AcceleratedPicamFrameProvider" and loaded 0 pipelines
[2023-12-11 06:08:04] [Camera - VisionSourceManager] [INFO] Adding 1 configs to VMM.
[2023-12-11 06:08:05] [WebServer - DataChangeService] [DEBUG] Added subscriber - Sources: DCS_WEBSOCKET, DCS_HTTP, DCS_NETWORKTABLES, DCS_VISIONMODULE, DCS_OTHER, Destinations: DCD_ACTIVEMODULE, DCD_ACTIVEPIPELINESETTINGS, DCD_GENSETTINGS, DCD_UI, DCD_WEBSERVER, DCD_OTHER
[2023-12-11 06:08:05] [VisionModule - VisionModule - Camera_Module_v1] [INFO] Setting pipeline to 0
[2023-12-11 06:08:05] [VisionModule - VisionModule - Camera_Module_v1] [INFO] Pipeline name: New Pipeline
[2023-12-11 06:08:05] [VisionModule - PipelineManager] [DEBUG] Creating Reflective pipeline
[2023-12-11 06:08:05] [WebServer - DataSocketHandler] [INFO] New websocket connection from /10.99.99.216:49449
[2023-12-11 06:08:05] [General - ShellExec] [DEBUG] Executing "nmcli -t -f GENERAL.CONNECTION,GENERAL.DEVICE,GENERAL.TYPE device show"
[2023-12-11 06:08:05] [Config - ConfigManager] [DEBUG] Saving to disk...
[2023-12-11 06:08:05] [Config - SqlConfigProvider] [DEBUG] Saving to disk
[2023-12-11 06:08:05] [General - ShellExec] [DEBUG] Got exit code 0
[2023-12-11 06:08:05] [General - NetworkUtils] [DEBUG] Found network interfaces:
[NMDeviceInfo [connName=Wired connection 1, devName=eth0, nmType=NMTYPE_ETHERNET], NMDeviceInfo [connName=lo, devName=lo, nmType=NMTYPE_UNKNOWN]]
[2023-12-11 06:08:05] [VisionModule - VisionSourceSettables] [INFO] Setting video mode to FPS: 90 Width: 320 Height: 240 Pixel Format: kUnknown
[2023-12-11 06:08:05] [VisionModule - VisionSourceSettables] [DEBUG] Stopping libcamera
[2023-12-11 06:08:06] [VisionModule - VisionSourceSettables] [DEBUG] Destroying libcamera
[2023-12-11 06:08:06] [VisionModule - VisionSourceSettables] [DEBUG] Creating libcamera
[2023-12-11 06:08:06] [VisionModule - VisionSourceSettables] [DEBUG] Starting libcamera
[2023-12-11 06:08:06] [Config - SqlConfigProvider] [INFO] Settings saved!
[2023-12-11 06:08:08] [Config - ConfigManager] [DEBUG] Saving to disk...
[2023-12-11 06:08:08] [Config - SqlConfigProvider] [DEBUG] Saving to disk
[2023-12-11 06:08:08] [Config - SqlConfigProvider] [INFO] Settings saved!
[2023-12-11 06:09:04] [WebServer - Server] [DEBUG] Handled HTTP request of type GET from endpoint /index.html for host 10.99.99.216 in 14.726667 ms
[2023-12-11 06:09:04] [WebServer - Server] [DEBUG] Handled HTTP request of type GET from endpoint / for host 10.99.99.216 in 83.50302 ms
[2023-12-11 06:09:04] [WebServer - Server] [DEBUG] Handled HTTP request of type GET from endpoint /assets/index-429cba20.css for host 10.99.99.216 in 6.888906 ms
[2023-12-11 06:09:04] [WebServer - DataSocketHandler] [INFO] Closing websockets for user c2c981b2-9675-40c4-9bb4-23f03587aa6d
[2023-12-11 06:09:04] [WebServer - Server] [DEBUG] Handled HTTP request of type GET from endpoint /assets/index-da0137d0.js for host 10.99.99.216 in 49.481564 ms
[2023-12-11 06:09:04] [WebServer - DataChangeService] [ERROR] Exception when dispatching event!: org.eclipse.jetty.util.StaticException: Closed
[2023-12-11 06:09:04] [WebServer - DataChangeService] [ERROR] java.io.IOException: org.eclipse.jetty.util.StaticException: Closed
	at org.eclipse.jetty.util.FutureCallback.block(FutureCallback.java:163)
	at org.eclipse.jetty.util.FutureCallback.block(FutureCallback.java:139)
	at org.eclipse.jetty.websocket.common.JettyWebSocketRemoteEndpoint.sendBlocking(JettyWebSocketRemoteEndpoint.java:191)
	at org.eclipse.jetty.websocket.common.JettyWebSocketRemoteEndpoint.sendBytes(JettyWebSocketRemoteEndpoint.java:65)
	at io.javalin.websocket.WsContext.send(WsContext.kt:52)
	at org.photonvision.server.DataSocketHandler.sendMessage(DataSocketHandler.java:356)
	at org.photonvision.server.DataSocketHandler.broadcastMessage(DataSocketHandler.java:364)
	at org.photonvision.server.UIOutboundSubscriber.onDataChangeEvent(UIOutboundSubscriber.java:52)
	at org.photonvision.common.dataflow.DataChangeService.dispatchFromQueue(DataChangeService.java:65)
	at java.base/java.lang.Thread.run(Thread.java:840)
Caused by: org.eclipse.jetty.util.StaticException: Closed

[2023-12-11 06:09:04] [WebServer - DataSocketHandler] [INFO] New websocket connection from /10.99.99.216:49452
[2023-12-11 06:09:04] [WebServer - Server] [DEBUG] Handled HTTP request of type GET from endpoint /assets/loading-0f0dc28b.svg for host 10.99.99.216 in 13.994635 ms
[2023-12-11 06:09:04] [WebServer - Server] [DEBUG] Handled HTTP request of type GET from endpoint /assets/logoLarge-7c0b93cf.svg for host 10.99.99.216 in 29.857395 ms
[2023-12-11 06:09:04] [WebServer - Server] [DEBUG] Handled HTTP request of type GET from endpoint /assets/prompt-latin-400-normal-b7be1a25.woff2 for host 10.99.99.216 in 9.188125 ms
[2023-12-11 06:09:04] [WebServer - Server] [DEBUG] Handled HTTP request of type GET from endpoint /assets/materialdesignicons-webfont-662fefa8.woff2 for host 10.99.99.216 in 18.771147 ms
[2023-12-11 06:09:04] [WebServer - Server] [DEBUG] Handled HTTP request of type GET from endpoint /favicon.ico for host 10.99.99.216 in 5.630834 ms
[2023-12-11 06:09:04] [General - ShellExec] [DEBUG] Executing "nmcli -t -f GENERAL.CONNECTION,GENERAL.DEVICE,GENERAL.TYPE device show"
[2023-12-11 06:09:04] [General - ShellExec] [DEBUG] Got exit code 0
[2023-12-11 06:09:04] [General - NetworkUtils] [DEBUG] Found network interfaces:
[NMDeviceInfo [connName=Wired connection 1, devName=eth0, nmType=NMTYPE_ETHERNET], NMDeviceInfo [connName=lo, devName=lo, nmType=NMTYPE_UNKNOWN]]
[2023-12-11 06:09:20] [Config - ConfigManager] [DEBUG] Saving to disk...
[2023-12-11 06:09:20] [Config - SqlConfigProvider] [DEBUG] Saving to disk
[2023-12-11 06:09:20] [Config - SqlConfigProvider] [INFO] Settings saved!
[2023-12-11 06:09:23] [VisionModule - PipelineManager] [INFO] Adding new pipe of type AprilTag at idx 0
[2023-12-11 06:09:23] [VisionModule - PipelineManager] [DEBUG] Creating AprilTag pipeline
[2023-12-11 06:09:23] [General - ShellExec] [DEBUG] Executing "nmcli -t -f GENERAL.CONNECTION,GENERAL.DEVICE,GENERAL.TYPE device show"
[2023-12-11 06:09:23] [General - ShellExec] [DEBUG] Got exit code 0
[2023-12-11 06:09:23] [General - NetworkUtils] [DEBUG] Found network interfaces:
[NMDeviceInfo [connName=Wired connection 1, devName=eth0, nmType=NMTYPE_ETHERNET], NMDeviceInfo [connName=lo, devName=lo, nmType=NMTYPE_UNKNOWN]]
[2023-12-11 06:09:23] [VisionModule - VisionModule - Camera_Module_v1] [INFO] Setting pipeline to 0
[2023-12-11 06:09:23] [VisionModule - VisionModule - Camera_Module_v1] [INFO] Pipeline name: New Pipeline
[2023-12-11 06:09:23] [VisionModule - PipelineManager] [DEBUG] Creating AprilTag pipeline
[2023-12-11 06:09:24] [VisionModule - VisionSourceSettables] [INFO] Setting video mode to FPS: 90 Width: 320 Height: 240 Pixel Format: kUnknown
[2023-12-11 06:09:24] [VisionModule - VisionSourceSettables] [DEBUG] Stopping libcamera
[2023-12-11 06:09:24] [VisionModule - VisionSourceSettables] [DEBUG] Destroying libcamera
[2023-12-11 06:09:24] [VisionModule - VisionSourceSettables] [DEBUG] Creating libcamera
[2023-12-11 06:09:24] [VisionModule - VisionSourceSettables] [DEBUG] Starting libcamera
[2023-12-11 06:09:25] [Config - ConfigManager] [DEBUG] Saving to disk...
[2023-12-11 06:09:25] [Config - SqlConfigProvider] [DEBUG] Saving to disk
[2023-12-11 06:09:26] [Config - SqlConfigProvider] [INFO] Settings saved!
[2023-12-11 06:09:42] [VisionModule - PipelineManager] [INFO] Adding new pipe of type Reflective at idx 0
[2023-12-11 06:09:42] [VisionModule - PipelineManager] [DEBUG] Creating Reflective pipeline
[2023-12-11 06:09:42] [General - ShellExec] [DEBUG] Executing "nmcli -t -f GENERAL.CONNECTION,GENERAL.DEVICE,GENERAL.TYPE device show"
[2023-12-11 06:09:42] [General - ShellExec] [DEBUG] Got exit code 0
[2023-12-11 06:09:42] [General - NetworkUtils] [DEBUG] Found network interfaces:
[NMDeviceInfo [connName=Wired connection 1, devName=eth0, nmType=NMTYPE_ETHERNET], NMDeviceInfo [connName=lo, devName=lo, nmType=NMTYPE_UNKNOWN]]
[2023-12-11 06:09:42] [VisionModule - VisionModule - Camera_Module_v1] [INFO] Setting pipeline to 0
[2023-12-11 06:09:42] [VisionModule - VisionModule - Camera_Module_v1] [INFO] Pipeline name: New Pipeline
[2023-12-11 06:09:42] [VisionModule - PipelineManager] [DEBUG] Creating Reflective pipeline
[2023-12-11 06:09:42] [VisionModule - VisionSourceSettables] [INFO] Setting video mode to FPS: 90 Width: 320 Height: 240 Pixel Format: kUnknown
[2023-12-11 06:09:42] [VisionModule - VisionSourceSettables] [DEBUG] Stopping libcamera
[2023-12-11 06:09:42] [VisionModule - VisionSourceSettables] [DEBUG] Destroying libcamera
[2023-12-11 06:09:42] [VisionModule - VisionSourceSettables] [DEBUG] Creating libcamera
[2023-12-11 06:09:42] [VisionModule - VisionSourceSettables] [DEBUG] Starting libcamera
[2023-12-11 06:09:44] [Config - ConfigManager] [DEBUG] Saving to disk...
[2023-12-11 06:09:44] [Config - SqlConfigProvider] [DEBUG] Saving to disk
[2023-12-11 06:09:44] [Config - SqlConfigProvider] [INFO] Settings saved!
[2023-12-11 06:09:47] [Config - ConfigManager] [DEBUG] Saving to disk...
[2023-12-11 06:09:47] [Config - SqlConfigProvider] [DEBUG] Saving to disk
[2023-12-11 06:09:47] [Config - SqlConfigProvider] [INFO] Settings saved!
[2023-12-11 06:09:52] [Config - ConfigManager] [DEBUG] Saving to disk...
[2023-12-11 06:09:52] [Config - SqlConfigProvider] [DEBUG] Saving to disk
[2023-12-11 06:09:52] [Config - SqlConfigProvider] [INFO] Settings saved!
[2023-12-11 06:09:58] [Config - ConfigManager] [DEBUG] Saving to disk...
[2023-12-11 06:09:58] [Config - SqlConfigProvider] [DEBUG] Saving to disk
[2023-12-11 06:09:59] [Config - SqlConfigProvider] [INFO] Settings saved!
[2023-12-11 06:10:26] [VisionModule - PipelineManager] [INFO] Adding new pipe of type AprilTag at idx 0
[2023-12-11 06:10:26] [VisionModule - PipelineManager] [DEBUG] Creating AprilTag pipeline
[2023-12-11 06:10:26] [General - ShellExec] [DEBUG] Executing "nmcli -t -f GENERAL.CONNECTION,GENERAL.DEVICE,GENERAL.TYPE device show"
[2023-12-11 06:10:27] [General - ShellExec] [DEBUG] Got exit code 0
[2023-12-11 06:10:27] [General - NetworkUtils] [DEBUG] Found network interfaces:
[NMDeviceInfo [connName=Wired connection 1, devName=eth0, nmType=NMTYPE_ETHERNET], NMDeviceInfo [connName=lo, devName=lo, nmType=NMTYPE_UNKNOWN]]
[2023-12-11 06:10:27] [VisionModule - VisionModule - Camera_Module_v1] [INFO] Setting pipeline to 0
[2023-12-11 06:10:27] [VisionModule - VisionModule - Camera_Module_v1] [INFO] Pipeline name: New Pipeline
[2023-12-11 06:10:27] [VisionModule - PipelineManager] [DEBUG] Creating AprilTag pipeline
[2023-12-11 06:10:27] [VisionModule - VisionSourceSettables] [INFO] Setting video mode to FPS: 90 Width: 320 Height: 240 Pixel Format: kUnknown
[2023-12-11 06:10:27] [VisionModule - VisionSourceSettables] [DEBUG] Stopping libcamera
[2023-12-11 06:10:27] [VisionModule - VisionSourceSettables] [DEBUG] Destroying libcamera
[2023-12-11 06:10:27] [VisionModule - VisionSourceSettables] [DEBUG] Creating libcamera
[2023-12-11 06:10:27] [VisionModule - VisionSourceSettables] [DEBUG] Starting libcamera
[2023-12-11 06:10:30] [Config - ConfigManager] [DEBUG] Saving to disk...
[2023-12-11 06:10:30] [Config - SqlConfigProvider] [DEBUG] Saving to disk
[2023-12-11 06:10:30] [Config - SqlConfigProvider] [INFO] Settings saved!
[2023-12-11 06:10:33] [Config - ConfigManager] [DEBUG] Saving to disk...
[2023-12-11 06:10:33] [Config - SqlConfigProvider] [DEBUG] Saving to disk
[2023-12-11 06:10:33] [Config - SqlConfigProvider] [INFO] Settings saved!
[2023-12-11 06:10:35] [Config - ConfigManager] [DEBUG] Saving to disk...
[2023-12-11 06:10:35] [Config - SqlConfigProvider] [DEBUG] Saving to disk
[2023-12-11 06:10:35] [Config - SqlConfigProvider] [INFO] Settings saved!
[2023-12-11 06:11:04] [General - HardwareManager] [INFO] Shutting down LEDs...
[2023-12-11 06:11:04] [Config - ConfigManager] [INFO] Force-flushing settings...
[2023-12-11 06:11:04] [Config - SqlConfigProvider] [DEBUG] Saving to disk
[2023-12-11 06:11:05] [Config - SqlConfigProvider] [INFO] Settings saved!
