[2023-12-11 07:43:20] [General - Main] [INFO] Native libraries loaded.
[2023-12-11 07:43:21] [Camera - LibCameraJNILoader] [INFO] Successfully loaded shared object libphotonlibcamera.so
[2023-12-11 07:43:21] [General - Main] [ERROR] Platform does not support RKNN based machine learning!
[2023-12-11 07:43:21] [Camera - MrCalJNILoader] [INFO] Successfully loaded shared object libmrcal_jni.so
[2023-12-11 07:43:21] [General - Main] [INFO] Logging initialized in debug mode.
[2023-12-11 07:43:21] [General - ShellExec] [DEBUG] Executing "cat /proc/device-tree/model"
[2023-12-11 07:43:21] [General - ShellExec] [DEBUG] Got exit code 0
[2023-12-11 07:43:21] [General - Main] [INFO] Starting PhotonVision version v2024.2.2 on Linux Raspbian 64-bit (Pi PI_4)
[2023-12-11 07:43:21] [General - Main] [DEBUG] Loading ConfigManager...
[2023-12-11 07:43:21] [Config - SqlConfigProvider] [DEBUG] Using database /opt/photonvision/photonvision_config/photon.sqlite
[2023-12-11 07:43:22] [Config - SqlConfigProvider] [INFO] Using correct database version: 2
[2023-12-11 07:43:22] [Config - SqlConfigProvider] [DEBUG] Loading config...
[2023-12-11 07:43:22] [Config - SqlConfigProvider] [ERROR] Could not deserialize apriltag layout! Loading defaults
[2023-12-11 07:43:23] [Camera - CameraConfiguration] [DEBUG] Creating camera configuration for ZeroCopyPicam Camera Module v1 (AKA camera) at /base/soc/i2c0mux/i2c@1/ov5647@36
[2023-12-11 07:43:23] [Camera - CameraConfiguration] [DEBUG] Creating camera configuration for ZeroCopyPicam OV9281 (AKA OV9281) at /base/soc/i2c0mux/i2c@1/ov9281@60
[2023-12-11 07:43:23] [General - Main] [DEBUG] Loading HardwareManager...
[2023-12-11 07:43:23] [General - NetworkTablesManager] [INFO] Starting NT Client, server team is 8874
[2023-12-11 07:43:23] [General - NetworkTablesManager] [ERROR] [NetworkTablesManager] Could not connect to the robot! Will retry in the background...
[2023-12-11 07:43:23] [General - NetworkTablesManager] [INFO] NT connected to 10.88.74.2:5810! (NT version 1025)
[2023-12-11 07:43:23] [General - Main] [DEBUG] Loading NetworkManager...
[2023-12-11 07:43:23] [General - NetworkManager] [INFO] Setting STATIC with team 8874
[2023-12-11 07:43:23] [General - ShellExec] [DEBUG] Executing "cat /etc/hostname | tr -d " \t\n\r""
[2023-12-11 07:43:23] [General - ScriptManager] [INFO] Queued event: kNTConnected
[2023-12-11 07:43:23] [General - ShellExec] [DEBUG] Got exit code 0
[2023-12-11 07:43:23] [General - ShellExec] [DEBUG] Executing "echo photonvision > /etc/hostname"
[2023-12-11 07:43:23] [General - ShellExec] [DEBUG] Got exit code 0
[2023-12-11 07:43:23] [General - ShellExec] [DEBUG] Executing "hostnamectl set-hostname photonvision"
[2023-12-11 07:43:23] [General - ShellExec] [DEBUG] Got exit code 0
[2023-12-11 07:43:23] [General - ShellExec] [DEBUG] Executing "sed -i "s/127.0.1.1.*photonvision/127.0.1.1\tphotonvision/g" /etc/hosts"
[2023-12-11 07:43:23] [General - ShellExec] [DEBUG] Got exit code 0
[2023-12-11 07:43:23] [General - ShellExec] [DEBUG] Executing "sudo service avahi-daemon restart"
[2023-12-11 07:43:23] [General - ShellExec] [DEBUG] Got exit code 0
[2023-12-11 07:43:23] [General - NetworkManager] [INFO] Set hostname to photonvision
[2023-12-11 07:43:23] [General - ShellExec] [DEBUG] Executing "nmcli con mod "Wired connection 1" ipv4.addresses 10.88.74.225/8 ipv4.method "manual" ipv6.method "disabled""
[2023-12-11 07:43:24] [General - ShellExec] [DEBUG] Got exit code 0
[2023-12-11 07:43:24] [General - ShellExec] [DEBUG] Executing "sh -c 'nmcli con down "Wired connection 1"; nmcli con up "Wired connection 1"'"
[2023-12-11 07:43:24] [General - ShellExec] [DEBUG] Got exit code 0
[2023-12-11 07:43:24] [General - Main] [DEBUG] Loading NetworkTablesManager...
[2023-12-11 07:43:24] [General - Main] [INFO] Loading ML models
[2023-12-11 07:43:24] [Config - NeuralNetworkModelManager] [INFO] File /opt/photonvision/photonvision_config/models/note-640-640-yolov5s.rknn already exists. Skipping extraction.
[2023-12-11 07:43:24] [Config - NeuralNetworkModelManager] [INFO] File /opt/photonvision/photonvision_config/models/labels.txt already exists. Skipping extraction.
[2023-12-11 07:43:24] [General - Main] [DEBUG] Loading VisionSourceManager...
[2023-12-11 07:43:24] [General - Main] [INFO] Starting server...
[2023-12-11 07:43:24] [WebServer - DataChangeService] [DEBUG] Added subscriber - Sources: DCS_WEBSOCKET, DCS_HTTP, DCS_NETWORKTABLES, DCS_VISIONMODULE, DCS_OTHER, Destinations: DCD_WEBSERVER
[2023-12-11 07:43:24] [Camera - VisionSourceManager] [DEBUG] Matching 1 new cameras!
[2023-12-11 07:43:24] [Camera - VisionSourceManager] [INFO] Adding local video device - "Camera Module v1" at "/base/soc/i2c0mux/i2c@1/ov5647@36"
[2023-12-11 07:43:24] [Camera - VisionSourceManager] [DEBUG] Trying to match 2 unmatched configs...
[2023-12-11 07:43:24] [Camera - VisionSourceManager] [DEBUG] Trying to find a match for loaded camera Camera Module v1 with path /base/soc/i2c0mux/i2c@1/ov5647@36
[2023-12-11 07:43:24] [Camera - VisionSourceManager] [DEBUG] Matched the config for Camera Module v1 to a physical camera!
[2023-12-11 07:43:24] [Camera - VisionSourceManager] [DEBUG] Trying to find a match for loaded camera OV9281 with path /base/soc/i2c0mux/i2c@1/ov9281@60
[2023-12-11 07:43:24] [Camera - VisionSourceManager] [DEBUG] Trying to find a match for loaded camera with name OV9281
[2023-12-11 07:43:24] [Camera - VisionSourceManager] [DEBUG] Matched or created 1 camera configs!
[2023-12-11 07:43:24] [Camera - VisionSourceManager] [WARN] After matching, 1 configs remained unmatched. Is your camera disconnected?
[2023-12-11 07:43:24] [Camera - VisionSourceManager] [WARN] Unloaded configs: OV9281
[2023-12-11 07:43:24] [Camera - VisionSourceManager] [DEBUG] Creating VisionSource for CameraConfiguration [baseName=Camera Module v1, uniqueName=Camera_Module_v1, nickname=camera, path=/base/soc/i2c0mux/i2c@1/ov5647@36, otherPaths=[], cameraType=ZeroCopyPicam, cameraQuirks=null, FOV=70.0, calibrations=[CameraCalibrationCoefficients [resolution=960x720, cameraIntrinsics=JsonMat [rows=3, cols=3, type=6, data=[671.4620426951877, 0.0, 483.30026081687845, 0.0, 673.6599194333991, 387.2027388800678, 0.0, 0.0, 1.0], wrappedMat=Mat [ 3*3*CV_64FC1, isCont=true, isSubmat=false, nativeObj=0x7fb0766320, dataAddr=0x7fb0766200 ], wpilibMat=null, wrappedMatOfDouble=null], distCoeffs=JsonMat [rows=1, cols=8, type=6, data=[0.14570994045200766, -0.4640734273248106, 0.0019240495564505384, 0.0021021783761231336, 0.43806542202709764, 0.007131765463626937, 0.04883699465367483, 0.0018825170950227577], wrappedMat=Mat [ 1*8*CV_64FC1, isCont=true, isSubmat=false, nativeObj=0x7fb0766530, dataAddr=0x7fb07662c0 ], wpilibMat=null, wrappedMatOfDouble=Mat [ 1*8*CV_64FC1, isCont=true, isSubmat=false, nativeObj=0x7fb07664c0, dataAddr=0x7fb0766640 ]], observations=[org.photonvision.vision.calibration.BoardObservation@24fc1d97, org.photonvision.vision.calibration.BoardObservation@7aebe41, org.photonvision.vision.calibration.BoardObservation@9ec5b33, org.photonvision.vision.calibration.BoardObservation@118f6f7e, org.photonvision.vision.calibration.BoardObservation@555bc87d, org.photonvision.vision.calibration.BoardObservation@27f52821, org.photonvision.vision.calibration.BoardObservation@4c2bca2f, org.photonvision.vision.calibration.BoardObservation@2635a84b, org.photonvision.vision.calibration.BoardObservation@2da684d0, org.photonvision.vision.calibration.BoardObservation@231c1565, org.photonvision.vision.calibration.BoardObservation@3174d99b, org.photonvision.vision.calibration.BoardObservation@3a08580e], calobjectWarp=[0.001425597820115456, 9.022962613224874E-4], intrinsicsArr=[671.4620426951877, 0.0, 483.30026081687845, 0.0, 673.6599194333991, 387.2027388800678, 0.0, 0.0, 1.0], distCoeffsArr=[0.14570994045200766, -0.4640734273248106, 0.0019240495564505384, 0.0021021783761231336, 0.43806542202709764]]], currentPipelineIndex=0, streamIndex=0, pipelineSettings=[CVPipelineSettings{pipelineIndex=0, pipelineType=AprilTag, inputImageRotationMode=DEG_0, pipelineNickname='New Pipeline', cameraExposure=20.0, cameraBrightness=50, cameraGain=75, cameraRedGain=11, cameraBlueGain=20, cameraVideoModeIndex=2, streamingFrameDivisor=QUARTER, ledMode=false, inputShouldShow=true, outputShouldShow=true}], driveModeSettings=CVPipelineSettings{pipelineIndex=-1, pipelineType=DriverMode, inputImageRotationMode=DEG_0, pipelineNickname='Driver Mode', cameraExposure=20.0, cameraBrightness=50, cameraGain=75, cameraRedGain=11, cameraBlueGain=20, cameraVideoModeIndex=0, streamingFrameDivisor=NONE, ledMode=false, inputShouldShow=true, outputShouldShow=true}]
[2023-12-11 07:43:24] [VisionModule - VisionSourceSettables] [INFO] Setting video mode to FPS: 90 Width: 320 Height: 240 Pixel Format: kUnknown
[2023-12-11 07:43:24] [VisionModule - VisionSourceSettables] [DEBUG] Creating libcamera
[2023-12-11 07:43:25] [Config - ConfigManager] [DEBUG] Saving to disk...
[2023-12-11 07:43:25] [Config - SqlConfigProvider] [DEBUG] Saving to disk
[2023-12-11 07:43:25] [WebServer - DataChangeService] [DEBUG] Added subscriber - Sources: DCS_WEBSOCKET, DCS_HTTP, DCS_NETWORKTABLES, DCS_VISIONMODULE, DCS_OTHER, Destinations: DCD_UI
[2023-12-11 07:43:25] [WebServer - DataChangeService] [DEBUG] Added subscriber - Sources: DCS_WEBSOCKET, Destinations: DCD_GENSETTINGS
[2023-12-11 07:43:27] [VisionModule - VisionSourceSettables] [DEBUG] Starting libcamera
[2023-12-11 07:43:27] [Config - SqlConfigProvider] [INFO] Settings saved!
[2023-12-11 07:43:27] [Camera - VisionSourceManager] [DEBUG] Matched config for camera "AcceleratedPicamFrameProvider" and loaded 1 pipelines
[2023-12-11 07:43:27] [Camera - VisionSourceManager] [INFO] Adding 1 configs to VMM.
[2023-12-11 07:43:27] [WebServer - DataChangeService] [DEBUG] Added subscriber - Sources: DCS_WEBSOCKET, DCS_HTTP, DCS_NETWORKTABLES, DCS_VISIONMODULE, DCS_OTHER, Destinations: DCD_ACTIVEMODULE, DCD_ACTIVEPIPELINESETTINGS, DCD_GENSETTINGS, DCD_UI, DCD_WEBSERVER, DCD_OTHER
[2023-12-11 07:43:28] [VisionModule - VisionModule - camera] [INFO] Setting pipeline to 0
[2023-12-11 07:43:28] [VisionModule - VisionModule - camera] [INFO] Pipeline name: New Pipeline
[2023-12-11 07:43:28] [VisionModule - PipelineManager] [DEBUG] Creating AprilTag pipeline
[2023-12-11 07:43:28] [General - ShellExec] [DEBUG] Executing "nmcli -t -f GENERAL.CONNECTION,GENERAL.DEVICE,GENERAL.TYPE device show"
[2023-12-11 07:43:28] [General - ShellExec] [DEBUG] Got exit code 0
[2023-12-11 07:43:28] [General - NetworkUtils] [DEBUG] Found network interfaces:
[NMDeviceInfo [connName=lo, devName=lo, nmType=NMTYPE_UNKNOWN], NMDeviceInfo [connName=Wired connection 1, devName=eth0, nmType=NMTYPE_ETHERNET]]
[2023-12-11 07:43:28] [VisionModule - VisionSourceSettables] [INFO] Setting video mode to FPS: 45 Width: 960 Height: 720 Pixel Format: kUnknown
[2023-12-11 07:43:28] [VisionModule - VisionSourceSettables] [DEBUG] Stopping libcamera
[2023-12-11 07:43:28] [VisionModule - VisionSourceSettables] [DEBUG] Destroying libcamera
[2023-12-11 07:43:28] [VisionModule - VisionSourceSettables] [DEBUG] Creating libcamera
[2023-12-11 07:43:28] [VisionModule - VisionSourceSettables] [DEBUG] Starting libcamera
[2023-12-11 07:43:30] [Config - ConfigManager] [DEBUG] Saving to disk...
[2023-12-11 07:43:30] [Config - SqlConfigProvider] [DEBUG] Saving to disk
[2023-12-11 07:43:32] [Config - SqlConfigProvider] [INFO] Settings saved!
[2023-12-11 07:43:32] [WebServer - Server] [DEBUG] Handled HTTP request of type GET from endpoint /assets/loading-0f0dc28b.svg for host 10.88.74.182 in 626.821 ms
[2023-12-11 07:43:33] [WebServer - DataSocketHandler] [INFO] New websocket connection from /10.88.74.182:59870
[2023-12-11 07:43:33] [General - ShellExec] [DEBUG] Executing "nmcli -t -f GENERAL.CONNECTION,GENERAL.DEVICE,GENERAL.TYPE device show"
[2023-12-11 07:43:33] [General - ShellExec] [DEBUG] Got exit code 0
[2023-12-11 07:43:33] [General - NetworkUtils] [DEBUG] Found network interfaces:
[NMDeviceInfo [connName=lo, devName=lo, nmType=NMTYPE_UNKNOWN], NMDeviceInfo [connName=Wired connection 1, devName=eth0, nmType=NMTYPE_ETHERNET]]
[2023-12-11 07:43:34] [WebServer - Server] [DEBUG] Handled HTTP request of type GET from endpoint /assets/loading-0f0dc28b.svg for host 10.88.74.185 in 4.684407 ms
[2023-12-11 07:43:34] [WebServer - DataSocketHandler] [INFO] New websocket connection from /10.88.74.185:57833
[2023-12-11 07:46:20] [General - ShellExec] [DEBUG] Executing "nmcli -t -f GENERAL.CONNECTION,GENERAL.DEVICE,GENERAL.TYPE device show"
[2023-12-11 07:46:20] [General - ShellExec] [DEBUG] Got exit code 0
[2023-12-11 07:46:20] [General - NetworkUtils] [DEBUG] Found network interfaces:
[NMDeviceInfo [connName=lo, devName=lo, nmType=NMTYPE_UNKNOWN], NMDeviceInfo [connName=Wired connection 1, devName=eth0, nmType=NMTYPE_ETHERNET]]
[2023-12-11 07:47:07] [General - NetworkTablesManager] [ERROR] NT lost connection to 10.88.74.2:5810! (NT version 1025). Will retry in background.
[2023-12-11 07:47:13] [General - NetworkTablesManager] [INFO] NT connected to 10.88.74.2:5810! (NT version 1025)
[2023-12-11 07:47:13] [General - ScriptManager] [INFO] Queued event: kNTConnected
[2023-12-11 07:54:02] [General - NetworkTablesManager] [ERROR] NT lost connection to 10.88.74.2:5810! (NT version 1025). Will retry in background.
[2023-12-11 07:54:09] [General - NetworkTablesManager] [INFO] NT connected to 10.88.74.2:5810! (NT version 1025)
[2023-12-11 07:54:09] [General - ScriptManager] [INFO] Queued event: kNTConnected
[2023-12-11 07:55:02] [General - NetworkTablesManager] [ERROR] NT lost connection to 10.88.74.2:5810! (NT version 1025). Will retry in background.
[2023-12-11 07:55:09] [General - NetworkTablesManager] [INFO] NT connected to 10.88.74.2:5810! (NT version 1025)
[2023-12-11 07:55:09] [General - ScriptManager] [INFO] Queued event: kNTConnected
[2023-12-11 07:57:49] [General - NetworkTablesManager] [ERROR] NT lost connection to 10.88.74.2:5810! (NT version 1025). Will retry in background.
[2023-12-11 07:57:55] [General - NetworkTablesManager] [INFO] NT connected to 10.88.74.2:5810! (NT version 1025)
[2023-12-11 07:57:55] [General - ScriptManager] [INFO] Queued event: kNTConnected
[2023-12-11 08:24:52] [WebServer - DataChangeService] [ERROR] Exception when dispatching event!: org.eclipse.jetty.util.StaticException: Closed
[2023-12-11 08:24:52] [WebServer - DataChangeService] [ERROR] java.io.IOException: org.eclipse.jetty.util.StaticException: Closed
	at org.eclipse.jetty.util.FutureCallback.block(FutureCallback.java:163)
	at org.eclipse.jetty.util.FutureCallback.block(FutureCallback.java:139)
	at org.eclipse.jetty.websocket.common.JettyWebSocketRemoteEndpoint.sendBlocking(JettyWebSocketRemoteEndpoint.java:191)
	at org.eclipse.jetty.websocket.common.JettyWebSocketRemoteEndpoint.sendBytes(JettyWebSocketRemoteEndpoint.java:65)
	at io.javalin.websocket.WsContext.send(WsContext.kt:52)
	at org.photonvision.server.DataSocketHandler.sendMessage(DataSocketHandler.java:356)
	at org.photonvision.server.DataSocketHandler.broadcastMessage(DataSocketHandler.java:364)
	at org.photonvision.server.UIOutboundSubscriber.onDataChangeEvent(UIOutboundSubscriber.java:52)
	at org.photonvision.common.dataflow.DataChangeService.dispatchFromQueue(DataChangeService.java:65)
	at java.base/java.lang.Thread.run(Thread.java:840)
Caused by: org.eclipse.jetty.util.StaticException: Closed

[2023-12-11 08:24:52] [WebServer - DataSocketHandler] [INFO] Closing websockets for user 33be961c-bfbf-4a94-8399-09793b9c6317
[2023-12-11 08:32:05] [WebServer - DataSocketHandler] [INFO] New websocket connection from /10.88.74.185:56681
[2023-12-11 08:32:05] [General - ShellExec] [DEBUG] Executing "nmcli -t -f GENERAL.CONNECTION,GENERAL.DEVICE,GENERAL.TYPE device show"
[2023-12-11 08:32:05] [General - ShellExec] [DEBUG] Got exit code 0
[2023-12-11 08:32:05] [General - NetworkUtils] [DEBUG] Found network interfaces:
[NMDeviceInfo [connName=lo, devName=lo, nmType=NMTYPE_UNKNOWN], NMDeviceInfo [connName=Wired connection 1, devName=eth0, nmType=NMTYPE_ETHERNET]]
[2023-12-11 08:45:23] [Config - ConfigManager] [DEBUG] Saving to disk...
[2023-12-11 08:45:23] [Config - SqlConfigProvider] [DEBUG] Saving to disk
[2023-12-11 08:45:25] [Config - SqlConfigProvider] [INFO] Settings saved!
[2023-12-11 08:45:30] [Config - ConfigManager] [DEBUG] Saving to disk...
[2023-12-11 08:45:30] [Config - SqlConfigProvider] [DEBUG] Saving to disk
[2023-12-11 08:45:31] [Config - SqlConfigProvider] [INFO] Settings saved!
[2023-12-11 08:45:32] [Config - ConfigManager] [DEBUG] Saving to disk...
[2023-12-11 08:45:32] [Config - SqlConfigProvider] [DEBUG] Saving to disk
[2023-12-11 08:45:34] [Config - SqlConfigProvider] [INFO] Settings saved!
