[2023-12-11 09:25:10] [General - Main] [INFO] Native libraries loaded.
[2023-12-11 09:25:10] [Camera - LibCameraJNILoader] [INFO] Successfully loaded shared object libphotonlibcamera.so
[2023-12-11 09:25:10] [General - Main] [ERROR] Platform does not support RKNN based machine learning!
[2023-12-11 09:25:10] [Camera - MrCalJNILoader] [INFO] Successfully loaded shared object libmrcal_jni.so
[2023-12-11 09:25:10] [General - Main] [INFO] Logging initialized in debug mode.
[2023-12-11 09:25:10] [General - ShellExec] [DEBUG] Executing "cat /proc/device-tree/model"
[2023-12-11 09:25:10] [General - ShellExec] [DEBUG] Got exit code 0
[2023-12-11 09:25:10] [General - Main] [INFO] Starting PhotonVision version v2024.2.2 on Linux Raspbian 64-bit (Pi PI_4)
[2023-12-11 09:25:10] [General - Main] [DEBUG] Loading ConfigManager...
[2023-12-11 09:25:10] [Config - SqlConfigProvider] [DEBUG] Using database /opt/photonvision/photonvision_config/photon.sqlite
[2023-12-11 09:25:11] [Config - SqlConfigProvider] [INFO] Using correct database version: 2
[2023-12-11 09:25:11] [Config - SqlConfigProvider] [DEBUG] Loading config...
[2023-12-11 09:25:11] [Config - SqlConfigProvider] [ERROR] Could not deserialize apriltag layout! Loading defaults
[2023-12-11 09:25:12] [Camera - CameraConfiguration] [DEBUG] Creating camera configuration for ZeroCopyPicam Camera Module v1 (AKA camera) at /base/soc/i2c0mux/i2c@1/ov5647@36
[2023-12-11 09:25:12] [Camera - CameraConfiguration] [DEBUG] Creating camera configuration for ZeroCopyPicam OV9281 (AKA OV9281) at /base/soc/i2c0mux/i2c@1/ov9281@60
[2023-12-11 09:25:13] [General - Main] [DEBUG] Loading HardwareManager...
[2023-12-11 09:25:13] [General - NetworkTablesManager] [INFO] Starting NT Client, server team is 8874
[2023-12-11 09:25:13] [General - NetworkTablesManager] [ERROR] [NetworkTablesManager] Could not connect to the robot! Will retry in the background...
[2023-12-11 09:25:13] [General - Main] [DEBUG] Loading NetworkManager...
[2023-12-11 09:25:13] [General - NetworkManager] [INFO] Setting STATIC with team 8874
[2023-12-11 09:25:13] [General - ShellExec] [DEBUG] Executing "cat /etc/hostname | tr -d " \t\n\r""
[2023-12-11 09:25:13] [General - ShellExec] [DEBUG] Got exit code 0
[2023-12-11 09:25:13] [General - ShellExec] [DEBUG] Executing "echo photonvision > /etc/hostname"
[2023-12-11 09:25:13] [General - ShellExec] [DEBUG] Got exit code 0
[2023-12-11 09:25:13] [General - ShellExec] [DEBUG] Executing "hostnamectl set-hostname photonvision"
[2023-12-11 09:25:13] [General - ShellExec] [DEBUG] Got exit code 0
[2023-12-11 09:25:13] [General - ShellExec] [DEBUG] Executing "sed -i "s/127.0.1.1.*photonvision/127.0.1.1\tphotonvision/g" /etc/hosts"
[2023-12-11 09:25:13] [General - ShellExec] [DEBUG] Got exit code 0
[2023-12-11 09:25:13] [General - ShellExec] [DEBUG] Executing "sudo service avahi-daemon restart"
[2023-12-11 09:25:13] [General - ShellExec] [DEBUG] Got exit code 0
[2023-12-11 09:25:13] [General - NetworkManager] [INFO] Set hostname to photonvision
[2023-12-11 09:25:13] [General - ShellExec] [DEBUG] Executing "nmcli con mod "Wired connection 1" ipv4.addresses 10.88.74.225/8 ipv4.method "manual" ipv6.method "disabled""
[2023-12-11 09:25:13] [General - ShellExec] [DEBUG] Got exit code 0
[2023-12-11 09:25:13] [General - ShellExec] [DEBUG] Executing "sh -c 'nmcli con down "Wired connection 1"; nmcli con up "Wired connection 1"'"
[2023-12-11 09:25:13] [General - ShellExec] [DEBUG] Got exit code 0
[2023-12-11 09:25:13] [General - Main] [DEBUG] Loading NetworkTablesManager...
[2023-12-11 09:25:13] [General - Main] [INFO] Loading ML models
[2023-12-11 09:25:13] [Config - NeuralNetworkModelManager] [INFO] File /opt/photonvision/photonvision_config/models/note-640-640-yolov5s.rknn already exists. Skipping extraction.
[2023-12-11 09:25:13] [Config - NeuralNetworkModelManager] [INFO] File /opt/photonvision/photonvision_config/models/labels.txt already exists. Skipping extraction.
[2023-12-11 09:25:13] [General - Main] [DEBUG] Loading VisionSourceManager...
[2023-12-11 09:25:13] [General - Main] [INFO] Starting server...
[2023-12-11 09:25:13] [WebServer - DataChangeService] [DEBUG] Added subscriber - Sources: DCS_WEBSOCKET, DCS_HTTP, DCS_NETWORKTABLES, DCS_VISIONMODULE, DCS_OTHER, Destinations: DCD_WEBSERVER
[2023-12-11 09:25:13] [Camera - VisionSourceManager] [DEBUG] Matching 1 new cameras!
[2023-12-11 09:25:13] [Camera - VisionSourceManager] [INFO] Adding local video device - "Camera Module v1" at "/base/soc/i2c0mux/i2c@1/ov5647@36"
[2023-12-11 09:25:13] [Camera - VisionSourceManager] [DEBUG] Trying to match 2 unmatched configs...
[2023-12-11 09:25:13] [Camera - VisionSourceManager] [DEBUG] Trying to find a match for loaded camera Camera Module v1 with path /base/soc/i2c0mux/i2c@1/ov5647@36
[2023-12-11 09:25:13] [Camera - VisionSourceManager] [DEBUG] Matched the config for Camera Module v1 to a physical camera!
[2023-12-11 09:25:13] [Camera - VisionSourceManager] [DEBUG] Trying to find a match for loaded camera OV9281 with path /base/soc/i2c0mux/i2c@1/ov9281@60
[2023-12-11 09:25:13] [Camera - VisionSourceManager] [DEBUG] Trying to find a match for loaded camera with name OV9281
[2023-12-11 09:25:13] [Camera - VisionSourceManager] [DEBUG] Matched or created 1 camera configs!
[2023-12-11 09:25:13] [Camera - VisionSourceManager] [WARN] After matching, 1 configs remained unmatched. Is your camera disconnected?
[2023-12-11 09:25:13] [Camera - VisionSourceManager] [WARN] Unloaded configs: OV9281
[2023-12-11 09:25:14] [Camera - VisionSourceManager] [DEBUG] Creating VisionSource for CameraConfiguration [baseName=Camera Module v1, uniqueName=Camera_Module_v1, nickname=camera, path=/base/soc/i2c0mux/i2c@1/ov5647@36, otherPaths=[], cameraType=ZeroCopyPicam, cameraQuirks=null, FOV=70.0, calibrations=[CameraCalibrationCoefficients [resolution=960x720, cameraIntrinsics=JsonMat [rows=3, cols=3, type=6, data=[671.4620426951877, 0.0, 483.30026081687845, 0.0, 673.6599194333991, 387.2027388800678, 0.0, 0.0, 1.0], wrappedMat=Mat [ 3*3*CV_64FC1, isCont=true, isSubmat=false, nativeObj=0x7fb478e420, dataAddr=0x7fb478e300 ], wpilibMat=null, wrappedMatOfDouble=null], distCoeffs=JsonMat [rows=1, cols=8, type=6, data=[0.14570994045200766, -0.4640734273248106, 0.0019240495564505384, 0.0021021783761231336, 0.43806542202709764, 0.007131765463626937, 0.04883699465367483, 0.0018825170950227577], wrappedMat=Mat [ 1*8*CV_64FC1, isCont=true, isSubmat=false, nativeObj=0x7fb478e630, dataAddr=0x7fb478e3c0 ], wpilibMat=null, wrappedMatOfDouble=Mat [ 1*8*CV_64FC1, isCont=true, isSubmat=false, nativeObj=0x7fb478e5c0, dataAddr=0x7fb478f740 ]], observations=[org.photonvision.vision.calibration.BoardObservation@a8dd846, org.photonvision.vision.calibration.BoardObservation@453c1c73, org.photonvision.vision.calibration.BoardObservation@4365c1ce, org.photonvision.vision.calibration.BoardObservation@14c21090, org.photonvision.vision.calibration.BoardObservation@7069b5a6, org.photonvision.vision.calibration.BoardObservation@5513f05c, org.photonvision.vision.calibration.BoardObservation@38952081, org.photonvision.vision.calibration.BoardObservation@3cd7e193, org.photonvision.vision.calibration.BoardObservation@1aeb72a, org.photonvision.vision.calibration.BoardObservation@4bf53653, org.photonvision.vision.calibration.BoardObservation@5a759684, org.photonvision.vision.calibration.BoardObservation@59ad2f20], calobjectWarp=[0.001425597820115456, 9.022962613224874E-4], intrinsicsArr=[671.4620426951877, 0.0, 483.30026081687845, 0.0, 673.6599194333991, 387.2027388800678, 0.0, 0.0, 1.0], distCoeffsArr=[0.14570994045200766, -0.4640734273248106, 0.0019240495564505384, 0.0021021783761231336, 0.43806542202709764]]], currentPipelineIndex=0, streamIndex=0, pipelineSettings=[CVPipelineSettings{pipelineIndex=0, pipelineType=AprilTag, inputImageRotationMode=DEG_0, pipelineNickname='New Pipeline', cameraExposure=20.0, cameraBrightness=50, cameraGain=75, cameraRedGain=11, cameraBlueGain=20, cameraVideoModeIndex=2, streamingFrameDivisor=QUARTER, ledMode=false, inputShouldShow=true, outputShouldShow=true}], driveModeSettings=CVPipelineSettings{pipelineIndex=-1, pipelineType=DriverMode, inputImageRotationMode=DEG_0, pipelineNickname='Driver Mode', cameraExposure=20.0, cameraBrightness=50, cameraGain=75, cameraRedGain=11, cameraBlueGain=20, cameraVideoModeIndex=0, streamingFrameDivisor=NONE, ledMode=false, inputShouldShow=true, outputShouldShow=true}]
[2023-12-11 09:25:14] [VisionModule - VisionSourceSettables] [INFO] Setting video mode to FPS: 90 Width: 320 Height: 240 Pixel Format: kUnknown
[2023-12-11 09:25:14] [VisionModule - VisionSourceSettables] [DEBUG] Creating libcamera
[2023-12-11 09:25:14] [Config - ConfigManager] [DEBUG] Saving to disk...
[2023-12-11 09:25:14] [Config - SqlConfigProvider] [DEBUG] Saving to disk
[2023-12-11 09:25:14] [WebServer - DataChangeService] [DEBUG] Added subscriber - Sources: DCS_WEBSOCKET, DCS_HTTP, DCS_NETWORKTABLES, DCS_VISIONMODULE, DCS_OTHER, Destinations: DCD_UI
[2023-12-11 09:25:14] [WebServer - DataChangeService] [DEBUG] Added subscriber - Sources: DCS_WEBSOCKET, Destinations: DCD_GENSETTINGS
[2023-12-11 09:25:16] [VisionModule - VisionSourceSettables] [DEBUG] Starting libcamera
[2023-12-11 09:25:16] [Config - SqlConfigProvider] [INFO] Settings saved!
[2023-12-11 09:25:17] [Camera - VisionSourceManager] [DEBUG] Matched config for camera "AcceleratedPicamFrameProvider" and loaded 1 pipelines
[2023-12-11 09:25:17] [Camera - VisionSourceManager] [INFO] Adding 1 configs to VMM.
[2023-12-11 09:25:17] [WebServer - DataChangeService] [DEBUG] Added subscriber - Sources: DCS_WEBSOCKET, DCS_HTTP, DCS_NETWORKTABLES, DCS_VISIONMODULE, DCS_OTHER, Destinations: DCD_ACTIVEMODULE, DCD_ACTIVEPIPELINESETTINGS, DCD_GENSETTINGS, DCD_UI, DCD_WEBSERVER, DCD_OTHER
[2023-12-11 09:25:17] [VisionModule - VisionModule - camera] [INFO] Setting pipeline to 0
[2023-12-11 09:25:17] [VisionModule - VisionModule - camera] [INFO] Pipeline name: New Pipeline
[2023-12-11 09:25:17] [VisionModule - PipelineManager] [DEBUG] Creating AprilTag pipeline
[2023-12-11 09:25:17] [General - ShellExec] [DEBUG] Executing "nmcli -t -f GENERAL.CONNECTION,GENERAL.DEVICE,GENERAL.TYPE device show"
[2023-12-11 09:25:17] [General - ShellExec] [DEBUG] Got exit code 0
[2023-12-11 09:25:17] [General - NetworkUtils] [DEBUG] Found network interfaces:
[NMDeviceInfo [connName=lo, devName=lo, nmType=NMTYPE_UNKNOWN], NMDeviceInfo [connName=Wired connection 1, devName=eth0, nmType=NMTYPE_ETHERNET]]
[2023-12-11 09:25:17] [VisionModule - VisionSourceSettables] [INFO] Setting video mode to FPS: 45 Width: 960 Height: 720 Pixel Format: kUnknown
[2023-12-11 09:25:17] [VisionModule - VisionSourceSettables] [DEBUG] Stopping libcamera
[2023-12-11 09:25:17] [VisionModule - VisionSourceSettables] [DEBUG] Destroying libcamera
[2023-12-11 09:25:17] [VisionModule - VisionSourceSettables] [DEBUG] Creating libcamera
[2023-12-11 09:25:18] [VisionModule - VisionSourceSettables] [DEBUG] Starting libcamera
[2023-12-11 09:25:19] [Config - ConfigManager] [DEBUG] Saving to disk...
[2023-12-11 09:25:19] [Config - SqlConfigProvider] [DEBUG] Saving to disk
[2023-12-11 09:25:21] [Config - SqlConfigProvider] [INFO] Settings saved!
[2023-12-11 09:25:41] [General - NetworkTablesManager] [INFO] NT connected to 10.88.74.2:5810! (NT version 1025)
[2023-12-11 09:25:41] [General - ScriptManager] [INFO] Queued event: kNTConnected
[2023-12-11 09:26:10] [WebServer - Server] [DEBUG] Handled HTTP request of type GET from endpoint /index.html for host 10.88.74.182 in 128.06348 ms
[2023-12-11 09:26:10] [WebServer - Server] [DEBUG] Handled HTTP request of type GET from endpoint / for host 10.88.74.182 in 284.91544 ms
[2023-12-11 09:26:10] [WebServer - Server] [DEBUG] Handled HTTP request of type GET from endpoint /assets/index-429cba20.css for host 10.88.74.182 in 6.228741 ms
[2023-12-11 09:26:10] [WebServer - Server] [DEBUG] Handled HTTP request of type GET from endpoint /assets/index-da0137d0.js for host 10.88.74.182 in 59.529648 ms
[2023-12-11 09:26:11] [WebServer - Server] [DEBUG] Handled HTTP request of type GET from endpoint /assets/loading-0f0dc28b.svg for host 10.88.74.182 in 5.02824 ms
[2023-12-11 09:26:11] [WebServer - Server] [DEBUG] Handled HTTP request of type GET from endpoint /assets/logoLarge-7c0b93cf.svg for host 10.88.74.182 in 5.068389 ms
[2023-12-11 09:26:11] [WebServer - Server] [DEBUG] Handled HTTP request of type GET from endpoint /assets/materialdesignicons-webfont-662fefa8.woff2 for host 10.88.74.182 in 4.331592 ms
[2023-12-11 09:26:11] [WebServer - Server] [DEBUG] Handled HTTP request of type GET from endpoint /assets/prompt-latin-400-normal-b7be1a25.woff2 for host 10.88.74.182 in 21.725296 ms
[2023-12-11 09:26:11] [WebServer - DataSocketHandler] [INFO] New websocket connection from /10.88.74.182:52828
[2023-12-11 09:26:12] [General - ShellExec] [DEBUG] Executing "nmcli -t -f GENERAL.CONNECTION,GENERAL.DEVICE,GENERAL.TYPE device show"
[2023-12-11 09:26:12] [General - ShellExec] [DEBUG] Got exit code 0
[2023-12-11 09:26:12] [General - NetworkUtils] [DEBUG] Found network interfaces:
[NMDeviceInfo [connName=lo, devName=lo, nmType=NMTYPE_UNKNOWN], NMDeviceInfo [connName=Wired connection 1, devName=eth0, nmType=NMTYPE_ETHERNET]]
