[2023-12-11 06:12:34] [General - Main] [INFO] Native libraries loaded.
[2023-12-11 06:12:34] [Camera - LibCameraJNILoader] [INFO] Successfully loaded shared object libphotonlibcamera.so
[2023-12-11 06:12:34] [General - Main] [ERROR] Platform does not support RKNN based machine learning!
[2023-12-11 06:12:35] [Camera - MrCalJNILoader] [INFO] Successfully loaded shared object libmrcal_jni.so
[2023-12-11 06:12:35] [General - Main] [INFO] Logging initialized in debug mode.
[2023-12-11 06:12:35] [General - ShellExec] [DEBUG] Executing "cat /proc/device-tree/model"
[2023-12-11 06:12:35] [General - ShellExec] [DEBUG] Got exit code 0
[2023-12-11 06:12:35] [General - Main] [INFO] Starting PhotonVision version v2024.2.2 on Linux Raspbian 64-bit (Pi PI_4)
[2023-12-11 06:12:35] [General - Main] [DEBUG] Loading ConfigManager...
[2023-12-11 06:12:35] [Config - SqlConfigProvider] [DEBUG] Using database /opt/photonvision/photonvision_config/photon.sqlite
[2023-12-11 06:12:35] [Config - SqlConfigProvider] [INFO] Using correct database version: 2
[2023-12-11 06:12:35] [Config - SqlConfigProvider] [DEBUG] Loading config...
[2023-12-11 06:12:35] [Config - SqlConfigProvider] [ERROR] Could not deserialize apriltag layout! Loading defaults
[2023-12-11 06:12:36] [Camera - CameraConfiguration] [DEBUG] Creating camera configuration for ZeroCopyPicam Camera Module v1 (AKA Camera_Module_v1) at /base/soc/i2c0mux/i2c@1/ov5647@36
[2023-12-11 06:12:36] [Camera - CameraConfiguration] [DEBUG] Creating camera configuration for ZeroCopyPicam OV9281 (AKA OV9281) at /base/soc/i2c0mux/i2c@1/ov9281@60
[2023-12-11 06:12:36] [General - Main] [DEBUG] Loading HardwareManager...
[2023-12-11 06:12:36] [General - NetworkTablesManager] [INFO] Starting NT Client, server team is 0
[2023-12-11 06:12:36] [General - NetworkTablesManager] [ERROR] [NetworkTablesManager] Could not connect to the robot! Will retry in the background...
[2023-12-11 06:12:36] [General - Main] [DEBUG] Loading NetworkManager...
[2023-12-11 06:12:36] [General - NetworkManager] [INFO] Setting DHCP with team 0
[2023-12-11 06:12:36] [General - ShellExec] [DEBUG] Executing "cat /etc/hostname | tr -d " \t\n\r""
[2023-12-11 06:12:36] [General - ShellExec] [DEBUG] Got exit code 0
[2023-12-11 06:12:36] [General - ShellExec] [DEBUG] Executing "echo photonvision > /etc/hostname"
[2023-12-11 06:12:36] [General - ShellExec] [DEBUG] Got exit code 0
[2023-12-11 06:12:36] [General - ShellExec] [DEBUG] Executing "hostnamectl set-hostname photonvision"
[2023-12-11 06:12:36] [General - ShellExec] [DEBUG] Got exit code 0
[2023-12-11 06:12:36] [General - ShellExec] [DEBUG] Executing "sed -i "s/127.0.1.1.*photonvision/127.0.1.1\tphotonvision/g" /etc/hosts"
[2023-12-11 06:12:36] [General - ShellExec] [DEBUG] Got exit code 0
[2023-12-11 06:12:36] [General - ShellExec] [DEBUG] Executing "sudo service avahi-daemon restart"
[2023-12-11 06:12:36] [General - ShellExec] [DEBUG] Got exit code 0
[2023-12-11 06:12:36] [General - NetworkManager] [INFO] Set hostname to photonvision
[2023-12-11 06:12:36] [General - ShellExec] [DEBUG] Executing "nmcli con mod "Wired connection 1" ipv4.method "auto" ipv6.method "disabled""
[2023-12-11 06:12:37] [General - ShellExec] [DEBUG] Got exit code 0
[2023-12-11 06:12:37] [General - ShellExec] [DEBUG] Executing "nmcli -t -f GENERAL.CONNECTION,GENERAL.DEVICE,GENERAL.TYPE device show"
[2023-12-11 06:12:37] [General - ShellExec] [DEBUG] Got exit code 0
[2023-12-11 06:12:37] [General - NetworkUtils] [DEBUG] Found network interfaces:
[NMDeviceInfo [connName=lo, devName=lo, nmType=NMTYPE_UNKNOWN], NMDeviceInfo [connName=Wired connection 1, devName=eth0, nmType=NMTYPE_ETHERNET]]
[2023-12-11 06:12:37] [General - ShellExec] [DEBUG] Executing "dhclient eth0"
[2023-12-11 06:12:37] [General - ShellExec] [DEBUG] Got exit code 0
[2023-12-11 06:12:37] [General - Main] [DEBUG] Loading NetworkTablesManager...
[2023-12-11 06:12:37] [General - Main] [INFO] Loading ML models
[2023-12-11 06:12:37] [Config - NeuralNetworkModelManager] [INFO] File /opt/photonvision/photonvision_config/models/note-640-640-yolov5s.rknn already exists. Skipping extraction.
[2023-12-11 06:12:37] [Config - NeuralNetworkModelManager] [INFO] File /opt/photonvision/photonvision_config/models/labels.txt already exists. Skipping extraction.
[2023-12-11 06:12:37] [General - Main] [DEBUG] Loading VisionSourceManager...
[2023-12-11 06:12:37] [General - Main] [INFO] Starting server...
[2023-12-11 06:12:37] [WebServer - DataChangeService] [DEBUG] Added subscriber - Sources: DCS_WEBSOCKET, DCS_HTTP, DCS_NETWORKTABLES, DCS_VISIONMODULE, DCS_OTHER, Destinations: DCD_WEBSERVER
[2023-12-11 06:12:37] [Camera - VisionSourceManager] [DEBUG] Matching 1 new cameras!
[2023-12-11 06:12:37] [Camera - VisionSourceManager] [INFO] Adding local video device - "Camera Module v1" at "/base/soc/i2c0mux/i2c@1/ov5647@36"
[2023-12-11 06:12:37] [Camera - VisionSourceManager] [DEBUG] Trying to match 2 unmatched configs...
[2023-12-11 06:12:37] [Camera - VisionSourceManager] [DEBUG] Trying to find a match for loaded camera Camera Module v1 with path /base/soc/i2c0mux/i2c@1/ov5647@36
[2023-12-11 06:12:37] [Camera - VisionSourceManager] [DEBUG] Matched the config for Camera Module v1 to a physical camera!
[2023-12-11 06:12:37] [Camera - VisionSourceManager] [DEBUG] Trying to find a match for loaded camera OV9281 with path /base/soc/i2c0mux/i2c@1/ov9281@60
[2023-12-11 06:12:37] [Camera - VisionSourceManager] [DEBUG] Trying to find a match for loaded camera with name OV9281
[2023-12-11 06:12:37] [Camera - VisionSourceManager] [DEBUG] Matched or created 1 camera configs!
[2023-12-11 06:12:37] [Camera - VisionSourceManager] [WARN] After matching, 1 configs remained unmatched. Is your camera disconnected?
[2023-12-11 06:12:37] [Camera - VisionSourceManager] [WARN] Unloaded configs: OV9281
[2023-12-11 06:12:37] [Config - ConfigManager] [DEBUG] Saving to disk...
[2023-12-11 06:12:37] [Config - SqlConfigProvider] [DEBUG] Saving to disk
[2023-12-11 06:12:37] [Camera - VisionSourceManager] [DEBUG] Creating VisionSource for CameraConfiguration [baseName=Camera Module v1, uniqueName=Camera_Module_v1, nickname=Camera_Module_v1, path=/base/soc/i2c0mux/i2c@1/ov5647@36, otherPaths=[], cameraType=ZeroCopyPicam, cameraQuirks=null, FOV=70.0, calibrations=[], currentPipelineIndex=0, streamIndex=0, pipelineSettings=[CVPipelineSettings{pipelineIndex=0, pipelineType=AprilTag, inputImageRotationMode=DEG_0, pipelineNickname='New Pipeline', cameraExposure=20.0, cameraBrightness=50, cameraGain=75, cameraRedGain=11, cameraBlueGain=20, cameraVideoModeIndex=0, streamingFrameDivisor=NONE, ledMode=false, inputShouldShow=true, outputShouldShow=false}], driveModeSettings=CVPipelineSettings{pipelineIndex=-1, pipelineType=DriverMode, inputImageRotationMode=DEG_0, pipelineNickname='Driver Mode', cameraExposure=20.0, cameraBrightness=50, cameraGain=75, cameraRedGain=11, cameraBlueGain=20, cameraVideoModeIndex=0, streamingFrameDivisor=NONE, ledMode=false, inputShouldShow=true, outputShouldShow=true}]
[2023-12-11 06:12:37] [VisionModule - VisionSourceSettables] [INFO] Setting video mode to FPS: 90 Width: 320 Height: 240 Pixel Format: kUnknown
[2023-12-11 06:12:37] [VisionModule - VisionSourceSettables] [DEBUG] Creating libcamera
[2023-12-11 06:12:38] [WebServer - DataChangeService] [DEBUG] Added subscriber - Sources: DCS_WEBSOCKET, DCS_HTTP, DCS_NETWORKTABLES, DCS_VISIONMODULE, DCS_OTHER, Destinations: DCD_UI
[2023-12-11 06:12:38] [WebServer - DataChangeService] [DEBUG] Added subscriber - Sources: DCS_WEBSOCKET, Destinations: DCD_GENSETTINGS
[2023-12-11 06:12:39] [Config - SqlConfigProvider] [INFO] Settings saved!
[2023-12-11 06:12:39] [VisionModule - VisionSourceSettables] [DEBUG] Starting libcamera
[2023-12-11 06:12:40] [Camera - VisionSourceManager] [DEBUG] Matched config for camera "AcceleratedPicamFrameProvider" and loaded 1 pipelines
[2023-12-11 06:12:40] [Camera - VisionSourceManager] [INFO] Adding 1 configs to VMM.
[2023-12-11 06:12:40] [WebServer - DataSocketHandler] [INFO] New websocket connection from /10.99.99.216:50327
[2023-12-11 06:12:40] [WebServer - DataChangeService] [DEBUG] Added subscriber - Sources: DCS_WEBSOCKET, DCS_HTTP, DCS_NETWORKTABLES, DCS_VISIONMODULE, DCS_OTHER, Destinations: DCD_ACTIVEMODULE, DCD_ACTIVEPIPELINESETTINGS, DCD_GENSETTINGS, DCD_UI, DCD_WEBSERVER, DCD_OTHER
[2023-12-11 06:12:40] [VisionModule - VisionModule - Camera_Module_v1] [INFO] Setting pipeline to 0
[2023-12-11 06:12:40] [VisionModule - VisionModule - Camera_Module_v1] [INFO] Pipeline name: New Pipeline
[2023-12-11 06:12:40] [VisionModule - PipelineManager] [DEBUG] Creating AprilTag pipeline
[2023-12-11 06:12:40] [VisionModule - VisionSourceSettables] [INFO] Setting video mode to FPS: 90 Width: 320 Height: 240 Pixel Format: kUnknown
[2023-12-11 06:12:40] [VisionModule - VisionSourceSettables] [DEBUG] Stopping libcamera
[2023-12-11 06:12:40] [VisionModule - VisionSourceSettables] [DEBUG] Destroying libcamera
[2023-12-11 06:12:40] [VisionModule - VisionSourceSettables] [DEBUG] Creating libcamera
[2023-12-11 06:12:41] [VisionModule - VisionSourceSettables] [DEBUG] Starting libcamera
[2023-12-11 06:12:41] [WebServer - Server] [DEBUG] Handled HTTP request of type GET from endpoint /index.html for host 10.99.99.216 in 8.675426 ms
[2023-12-11 06:12:41] [WebServer - Server] [DEBUG] Handled HTTP request of type GET from endpoint / for host 10.99.99.216 in 39.464127 ms
[2023-12-11 06:12:41] [WebServer - DataSocketHandler] [INFO] Closing websocket connection from /10.99.99.216:50327 for reason: Connection closed by client
[2023-12-11 06:12:41] [WebServer - Server] [DEBUG] Handled HTTP request of type GET from endpoint /assets/index-429cba20.css for host 10.99.99.216 in 3.478167 ms
[2023-12-11 06:12:41] [WebServer - Server] [DEBUG] Handled HTTP request of type GET from endpoint /assets/index-da0137d0.js for host 10.99.99.216 in 38.27913 ms
[2023-12-11 06:12:41] [WebServer - Server] [DEBUG] Handled HTTP request of type GET from endpoint /assets/logoLarge-7c0b93cf.svg for host 10.99.99.216 in 3.389556 ms
[2023-12-11 06:12:41] [WebServer - DataSocketHandler] [INFO] New websocket connection from /10.99.99.216:50334
[2023-12-11 06:12:41] [WebServer - Server] [DEBUG] Handled HTTP request of type GET from endpoint /assets/prompt-latin-400-normal-b7be1a25.woff2 for host 10.99.99.216 in 4.363426 ms
[2023-12-11 06:12:41] [WebServer - Server] [DEBUG] Handled HTTP request of type GET from endpoint /assets/materialdesignicons-webfont-662fefa8.woff2 for host 10.99.99.216 in 7.763778 ms
[2023-12-11 06:12:41] [WebServer - Server] [DEBUG] Handled HTTP request of type GET from endpoint /assets/loading-0f0dc28b.svg for host 10.99.99.216 in 3.414296 ms
[2023-12-11 06:12:41] [WebServer - Server] [DEBUG] Handled HTTP request of type GET from endpoint /favicon.ico for host 10.99.99.216 in 10.698574 ms
[2023-12-11 06:12:42] [Config - ConfigManager] [DEBUG] Saving to disk...
[2023-12-11 06:12:42] [Config - SqlConfigProvider] [DEBUG] Saving to disk
[2023-12-11 06:12:42] [Config - SqlConfigProvider] [INFO] Settings saved!
[2023-12-11 06:12:47] [Config - ConfigManager] [DEBUG] Saving to disk...
[2023-12-11 06:12:47] [Config - SqlConfigProvider] [DEBUG] Saving to disk
[2023-12-11 06:12:47] [Config - SqlConfigProvider] [INFO] Settings saved!
[2023-12-11 06:12:49] [Config - ConfigManager] [DEBUG] Saving to disk...
[2023-12-11 06:12:49] [Config - SqlConfigProvider] [DEBUG] Saving to disk
[2023-12-11 06:12:50] [Config - SqlConfigProvider] [INFO] Settings saved!
[2023-12-11 06:13:27] [WebServer - Server] [DEBUG] Handled HTTP request of type GET from endpoint /index.html for host 10.99.99.216 in 3.153574 ms
[2023-12-11 06:13:27] [WebServer - Server] [DEBUG] Handled HTTP request of type GET from endpoint / for host 10.99.99.216 in 9.89 ms
[2023-12-11 06:13:27] [WebServer - DataSocketHandler] [INFO] Closing websocket connection from /10.99.99.216:50334 for reason: Connection closed by client
[2023-12-11 06:13:27] [WebServer - Server] [DEBUG] Handled HTTP request of type GET from endpoint /assets/index-429cba20.css for host 10.99.99.216 in 4.030574 ms
[2023-12-11 06:13:27] [WebServer - Server] [DEBUG] Handled HTTP request of type GET from endpoint /assets/index-da0137d0.js for host 10.99.99.216 in 18.269 ms
[2023-12-11 06:13:27] [WebServer - Server] [DEBUG] Handled HTTP request of type GET from endpoint /assets/logoLarge-7c0b93cf.svg for host 10.99.99.216 in 3.6705 ms
[2023-12-11 06:13:27] [WebServer - Server] [DEBUG] Handled HTTP request of type GET from endpoint /assets/loading-0f0dc28b.svg for host 10.99.99.216 in 2.81613 ms
[2023-12-11 06:13:27] [WebServer - DataSocketHandler] [INFO] New websocket connection from /10.99.99.216:50339
[2023-12-11 06:13:27] [General - ShellExec] [DEBUG] Executing "nmcli -t -f GENERAL.CONNECTION,GENERAL.DEVICE,GENERAL.TYPE device show"
[2023-12-11 06:13:27] [WebServer - Server] [DEBUG] Handled HTTP request of type GET from endpoint /assets/materialdesignicons-webfont-662fefa8.woff2 for host 10.99.99.216 in 2.89474 ms
[2023-12-11 06:13:27] [WebServer - Server] [DEBUG] Handled HTTP request of type GET from endpoint /assets/prompt-latin-400-normal-b7be1a25.woff2 for host 10.99.99.216 in 2.545315 ms
[2023-12-11 06:13:27] [WebServer - Server] [DEBUG] Handled HTTP request of type GET from endpoint /favicon.ico for host 10.99.99.216 in 3.552111 ms
[2023-12-11 06:13:27] [General - ShellExec] [DEBUG] Got exit code 0
[2023-12-11 06:13:27] [General - NetworkUtils] [DEBUG] Found network interfaces:
[NMDeviceInfo [connName=Wired connection 1, devName=eth0, nmType=NMTYPE_ETHERNET], NMDeviceInfo [connName=lo, devName=lo, nmType=NMTYPE_UNKNOWN]]
[2023-12-11 06:13:42] [Config - ConfigManager] [DEBUG] Saving to disk...
[2023-12-11 06:13:42] [Config - SqlConfigProvider] [DEBUG] Saving to disk
[2023-12-11 06:13:42] [Config - SqlConfigProvider] [INFO] Settings saved!
[2023-12-11 06:13:54] [Config - ConfigManager] [DEBUG] Saving to disk...
[2023-12-11 06:13:54] [Config - SqlConfigProvider] [DEBUG] Saving to disk
[2023-12-11 06:13:54] [Config - SqlConfigProvider] [INFO] Settings saved!
[2023-12-11 06:18:12] [General - MetricsManager] [DEBUG] Publishing Metrics...
[2023-12-11 06:18:12] [General - ShellExec] [DEBUG] Executing "sed 's/.\{3\}$/.&/' /sys/class/thermal/thermal_zone0/temp"
[2023-12-11 06:18:12] [General - ShellExec] [DEBUG] Got exit code 0
[2023-12-11 06:18:12] [General - ShellExec] [DEBUG] Executing "top -bn1 | grep "Cpu(s)" | sed "s/.*, *\([0-9.]*\)%* id.*/\1/" | awk '{print 100 - $1}'"
[2023-12-11 06:18:12] [General - ShellExec] [DEBUG] Got exit code 0
[2023-12-11 06:18:12] [General - ShellExec] [DEBUG] Executing "free -m | awk 'FNR == 2 {print $2}'"
[2023-12-11 06:18:12] [General - ShellExec] [DEBUG] Got exit code 0
[2023-12-11 06:18:12] [General - ShellExec] [DEBUG] Executing "if   ((  $(( $(vcgencmd get_throttled | grep -Eo 0x[0-9a-fA-F]*) & 0x01 )) != 0x00 )); then echo "LOW VOLTAGE";  elif ((  $(( $(vcgencmd get_throttled | grep -Eo 0x[0-9a-fA-F]*) & 0x08 )) != 0x00 )); then echo "HIGH TEMP";  elif ((  $(( $(vcgencmd get_throttled | grep -Eo 0x[0-9a-fA-F]*) & 0x10000 )) != 0x00 )); then echo "Prev. Low Voltage";  elif ((  $(( $(vcgencmd get_throttled | grep -Eo 0x[0-9a-fA-F]*) & 0x80000 )) != 0x00 )); then echo "Prev. High Temp";  else echo "None"; fi"
[2023-12-11 06:18:12] [General - ShellExec] [DEBUG] Got exit code 0
[2023-12-11 06:18:12] [General - ShellExec] [DEBUG] Executing "uptime -p | cut -c 4-"
[2023-12-11 06:18:12] [General - ShellExec] [DEBUG] Got exit code 0
[2023-12-11 06:18:12] [General - ShellExec] [DEBUG] Executing "vcgencmd get_mem gpu | grep -Eo '[0-9]+'"
[2023-12-11 06:18:12] [General - ShellExec] [DEBUG] Got exit code 0
[2023-12-11 06:18:12] [General - ShellExec] [DEBUG] Executing "free -m | awk 'FNR == 2 {print $3}'"
[2023-12-11 06:18:12] [General - ShellExec] [DEBUG] Got exit code 0
[2023-12-11 06:18:12] [General - ShellExec] [DEBUG] Executing "vcgencmd get_mem malloc | grep -Eo '[0-9]+'"
[2023-12-11 06:18:12] [General - ShellExec] [DEBUG] Got exit code 0
[2023-12-11 06:18:12] [General - ShellExec] [DEBUG] Executing "df ./ --output=pcent | tail -n +2"
[2023-12-11 06:18:12] [General - ShellExec] [DEBUG] Got exit code 0
[2023-12-11 06:18:12] [WebServer - Server] [DEBUG] Handled HTTP request of type POST from endpoint /api/utils/publishMetrics for host 10.99.99.216 in 581.64087 ms
[2023-12-11 06:18:59] [General - MetricsManager] [DEBUG] Publishing Metrics...
[2023-12-11 06:18:59] [General - ShellExec] [DEBUG] Executing "sed 's/.\{3\}$/.&/' /sys/class/thermal/thermal_zone0/temp"
[2023-12-11 06:18:59] [General - ShellExec] [DEBUG] Got exit code 0
[2023-12-11 06:18:59] [General - ShellExec] [DEBUG] Executing "top -bn1 | grep "Cpu(s)" | sed "s/.*, *\([0-9.]*\)%* id.*/\1/" | awk '{print 100 - $1}'"
[2023-12-11 06:18:59] [General - ShellExec] [DEBUG] Got exit code 0
[2023-12-11 06:18:59] [General - ShellExec] [DEBUG] Executing "if   ((  $(( $(vcgencmd get_throttled | grep -Eo 0x[0-9a-fA-F]*) & 0x01 )) != 0x00 )); then echo "LOW VOLTAGE";  elif ((  $(( $(vcgencmd get_throttled | grep -Eo 0x[0-9a-fA-F]*) & 0x08 )) != 0x00 )); then echo "HIGH TEMP";  elif ((  $(( $(vcgencmd get_throttled | grep -Eo 0x[0-9a-fA-F]*) & 0x10000 )) != 0x00 )); then echo "Prev. Low Voltage";  elif ((  $(( $(vcgencmd get_throttled | grep -Eo 0x[0-9a-fA-F]*) & 0x80000 )) != 0x00 )); then echo "Prev. High Temp";  else echo "None"; fi"
[2023-12-11 06:18:59] [General - ShellExec] [DEBUG] Got exit code 0
[2023-12-11 06:18:59] [General - ShellExec] [DEBUG] Executing "uptime -p | cut -c 4-"
[2023-12-11 06:18:59] [General - ShellExec] [DEBUG] Got exit code 0
[2023-12-11 06:18:59] [General - ShellExec] [DEBUG] Executing "free -m | awk 'FNR == 2 {print $3}'"
[2023-12-11 06:18:59] [General - ShellExec] [DEBUG] Got exit code 0
[2023-12-11 06:18:59] [General - ShellExec] [DEBUG] Executing "vcgencmd get_mem malloc | grep -Eo '[0-9]+'"
[2023-12-11 06:18:59] [General - ShellExec] [DEBUG] Got exit code 0
[2023-12-11 06:18:59] [General - ShellExec] [DEBUG] Executing "df ./ --output=pcent | tail -n +2"
[2023-12-11 06:18:59] [General - ShellExec] [DEBUG] Got exit code 0
[2023-12-11 06:18:59] [WebServer - Server] [DEBUG] Handled HTTP request of type POST from endpoint /api/utils/publishMetrics for host 10.99.99.216 in 443.8722 ms
[2023-12-11 06:21:49] [WebServer - DataSocketHandler] [INFO] Closing websockets for user f29789bd-37c4-428d-ab65-a3d5ea4b5b36
[2023-12-11 06:21:49] [WebServer - Server] [DEBUG] Handled HTTP request of type GET from endpoint /assets/loading-0f0dc28b.svg for host 10.99.99.216 in 3.22 ms
[2023-12-11 06:21:49] [WebServer - DataSocketHandler] [INFO] New websocket connection from /10.99.99.216:50349
[2023-12-11 06:21:49] [General - ShellExec] [DEBUG] Executing "nmcli -t -f GENERAL.CONNECTION,GENERAL.DEVICE,GENERAL.TYPE device show"
[2023-12-11 06:21:50] [General - ShellExec] [DEBUG] Got exit code 0
[2023-12-11 06:21:50] [General - NetworkUtils] [DEBUG] Found network interfaces:
[NMDeviceInfo [connName=Wired connection 1, devName=eth0, nmType=NMTYPE_ETHERNET], NMDeviceInfo [connName=lo, devName=lo, nmType=NMTYPE_UNKNOWN]]
[2023-12-11 06:22:58] [WebServer - DataSocketHandler] [INFO] Closing websockets for user 129c419b-5edc-45e7-8468-7c64857637e3
[2023-12-11 06:22:58] [WebServer - DataSocketHandler] [INFO] New websocket connection from /10.99.99.216:50352
[2023-12-11 06:22:58] [General - ShellExec] [DEBUG] Executing "nmcli -t -f GENERAL.CONNECTION,GENERAL.DEVICE,GENERAL.TYPE device show"
[2023-12-11 06:22:58] [General - ShellExec] [DEBUG] Got exit code 0
[2023-12-11 06:22:58] [General - NetworkUtils] [DEBUG] Found network interfaces:
[NMDeviceInfo [connName=Wired connection 1, devName=eth0, nmType=NMTYPE_ETHERNET], NMDeviceInfo [connName=lo, devName=lo, nmType=NMTYPE_UNKNOWN]]
[2023-12-11 06:37:26] [WebServer - DataSocketHandler] [INFO] New websocket connection from /10.99.99.216:50409
[2023-12-11 06:37:26] [General - ShellExec] [DEBUG] Executing "nmcli -t -f GENERAL.CONNECTION,GENERAL.DEVICE,GENERAL.TYPE device show"
[2023-12-11 06:37:26] [General - ShellExec] [DEBUG] Got exit code 0
[2023-12-11 06:37:26] [General - NetworkUtils] [DEBUG] Found network interfaces:
[NMDeviceInfo [connName=Wired connection 1, devName=eth0, nmType=NMTYPE_ETHERNET], NMDeviceInfo [connName=lo, devName=lo, nmType=NMTYPE_UNKNOWN]]
[2023-12-11 06:38:24] [General - HardwareManager] [INFO] Shutting down LEDs...
[2023-12-11 06:38:24] [Config - ConfigManager] [INFO] Force-flushing settings...
[2023-12-11 06:38:24] [Config - SqlConfigProvider] [DEBUG] Saving to disk
[2023-12-11 06:38:25] [Config - SqlConfigProvider] [INFO] Settings saved!
